TN:
SF:src/common/tx/tx-utils.ts
FN:11,encodeHcs2RegistryMemo
FN:18,buildTopicCreateTx
FN:27,(anonymous_2)
FN:56,buildMessageTx
FNF:4
FNH:0
FNDA:0,encodeHcs2RegistryMemo
FNDA:0,buildTopicCreateTx
FNDA:0,(anonymous_2)
FNDA:0,buildMessageTx
DA:15,0
DA:24,0
DA:25,0
DA:27,0
DA:28,0
DA:29,0
DA:30,0
DA:31,0
DA:33,0
DA:34,0
DA:35,0
DA:37,0
DA:40,0
DA:43,0
DA:44,0
DA:45,0
DA:48,0
DA:49,0
DA:50,0
DA:53,0
DA:61,0
DA:64,0
DA:65,0
DA:67,0
LF:24
LH:0
BRDA:28,0,0,0
BRDA:29,1,0,0
BRDA:29,2,0,0
BRDA:29,2,1,0
BRDA:30,3,0,0
BRDA:31,4,0,0
BRDA:31,4,1,0
BRDA:33,5,0,0
BRDA:44,6,0,0
BRDA:49,7,0,0
BRDA:64,8,0,0
BRF:11
BRH:0
end_of_record
TN:
SF:src/content-store/ContentResolverRegistry.ts
FN:17,(anonymous_0)
FN:27,(anonymous_1)
FN:38,(anonymous_2)
FN:45,(anonymous_3)
FN:52,(anonymous_4)
FN:56,(anonymous_5)
FN:69,(anonymous_6)
FN:76,(anonymous_7)
FN:86,(anonymous_8)
FNF:9
FNH:0
FNDA:0,(anonymous_0)
FNDA:0,(anonymous_1)
FNDA:0,(anonymous_2)
FNDA:0,(anonymous_3)
FNDA:0,(anonymous_4)
FNDA:0,(anonymous_5)
FNDA:0,(anonymous_6)
FNDA:0,(anonymous_7)
FNDA:0,(anonymous_8)
DA:13,0
DA:14,0
DA:15,0
DA:18,0
DA:19,0
DA:21,0
DA:28,0
DA:29,0
DA:31,0
DA:32,0
DA:39,0
DA:46,0
DA:53,0
DA:54,0
DA:55,0
DA:56,0
DA:57,0
DA:58,0
DA:60,0
DA:70,0
DA:77,0
DA:78,0
DA:79,0
DA:90,0
DA:91,0
DA:92,0
DA:94,0
DA:95,0
DA:98,0
DA:99,0
DA:105,0
LF:31
LH:0
BRDA:18,0,0,0
BRDA:28,1,0,0
BRDA:53,2,0,0
BRDA:78,3,0,0
BRDA:90,4,0,0
BRDA:90,4,1,0
BRF:6
BRH:0
end_of_record
TN:
SF:src/content-store/ContentStoreService.ts
FN:23,(anonymous_0)
FN:33,(anonymous_1)
FN:44,(anonymous_2)
FN:51,(anonymous_3)
FN:59,(anonymous_4)
FN:67,extractReferenceId
FN:86,shouldUseReference
FNF:7
FNH:0
FNDA:0,(anonymous_0)
FNDA:0,(anonymous_1)
FNDA:0,(anonymous_2)
FNDA:0,(anonymous_3)
FNDA:0,(anonymous_4)
FNDA:0,extractReferenceId
FNDA:0,shouldUseReference
DA:13,0
DA:20,0
DA:21,0
DA:24,0
DA:25,0
DA:27,0
DA:34,0
DA:35,0
DA:37,0
DA:38,0
DA:45,0
DA:52,0
DA:53,0
DA:60,0
DA:68,0
DA:70,0
DA:71,0
DA:72,0
DA:75,0
DA:76,0
DA:77,0
DA:80,0
DA:88,0
DA:92,0
DA:95,0
LF:25
LH:0
BRDA:24,0,0,0
BRDA:34,1,0,0
BRDA:71,2,0,0
BRDA:76,3,0,0
BRDA:88,4,0,0
BRDA:88,4,1,0
BRF:6
BRH:0
end_of_record
TN:
SF:src/fees/fee-config-builder.ts
FN:86,(anonymous_0)
FN:113,(anonymous_1)
FN:145,(anonymous_2)
FN:180,(anonymous_3)
FN:238,(anonymous_4)
FN:250,(anonymous_5)
FN:251,(anonymous_6)
FN:254,(anonymous_7)
FN:71,(anonymous_8)
FNF:9
FNH:0
FNDA:0,(anonymous_0)
FNDA:0,(anonymous_1)
FNDA:0,(anonymous_2)
FNDA:0,(anonymous_3)
FNDA:0,(anonymous_4)
FNDA:0,(anonymous_5)
FNDA:0,(anonymous_6)
FNDA:0,(anonymous_7)
FNDA:0,(anonymous_8)
DA:66,0
DA:72,0
DA:73,0
DA:74,0
DA:93,0
DA:98,0
DA:122,0
DA:127,0
DA:134,0
DA:150,0
DA:151,0
DA:154,0
DA:166,0
DA:187,0
DA:188,0
DA:190,0
DA:191,0
DA:194,0
DA:195,0
DA:196,0
DA:197,0
DA:198,0
DA:199,0
DA:200,0
DA:204,0
DA:207,0
DA:210,0
DA:213,0
DA:217,0
DA:229,0
DA:239,0
DA:240,0
DA:245,0
DA:246,0
DA:249,0
DA:250,0
DA:251,0
DA:254,0
DA:260,0
LF:39
LH:0
BRDA:91,0,0,0
BRDA:119,1,0,0
BRDA:148,2,0,0
BRDA:150,3,0,0
BRDA:160,4,0,0
BRDA:160,4,1,0
BRDA:185,5,0,0
BRDA:187,6,0,0
BRDA:190,7,0,0
BRDA:195,8,0,0
BRDA:198,9,0,0
BRDA:198,9,1,0
BRDA:223,10,0,0
BRDA:223,10,1,0
BRDA:239,11,0,0
BRDA:245,12,0,0
BRDA:257,13,0,0
BRDA:257,13,1,0
BRDA:74,14,0,0
BRDA:74,14,1,0
BRF:20
BRH:0
end_of_record
TN:
SF:src/fees/types.ts
FN:17,(anonymous_0)
FNF:1
FNH:0
FNDA:0,(anonymous_0)
DA:17,0
LF:1
LH:0
BRF:0
BRH:0
end_of_record
TN:
SF:src/hcs-10/base-client.ts
FN:19,(anonymous_0)
FN:122,(anonymous_1)
FN:127,(anonymous_2)
FN:138,(anonymous_3)
FN:155,(anonymous_4)
FN:167,(anonymous_5)
FN:216,(anonymous_6)
FN:234,(anonymous_7)
FN:314,(anonymous_8)
FN:325,(anonymous_9)
FN:361,(anonymous_10)
FN:378,(anonymous_11)
FN:389,(anonymous_12)
FN:436,(anonymous_13)
FN:481,(anonymous_14)
FN:508,(anonymous_15)
FN:521,(anonymous_16)
FN:575,(anonymous_17)
FN:593,(anonymous_18)
FN:613,(anonymous_19)
FN:624,(anonymous_20)
FN:641,(anonymous_21)
FN:676,(anonymous_22)
FN:713,(anonymous_23)
FN:792,(anonymous_24)
FN:831,(anonymous_25)
FN:853,(anonymous_26)
FN:908,(anonymous_27)
FN:922,(anonymous_28)
FN:953,(anonymous_29)
FN:973,(anonymous_30)
FN:984,(anonymous_31)
FN:1020,(anonymous_32)
FN:1069,(anonymous_33)
FN:1104,(anonymous_34)
FN:1145,(anonymous_35)
FN:1163,(anonymous_36)
FN:1164,(anonymous_37)
FN:1171,(anonymous_38)
FN:1190,(anonymous_39)
FN:92,(anonymous_40)
FN:1257,(anonymous_41)
FN:1264,(anonymous_42)
FN:1269,(anonymous_43)
FN:1281,(anonymous_44)
FN:1252,(anonymous_45)
FNF:46
FNH:0
FNDA:0,(anonymous_0)
FNDA:0,(anonymous_1)
FNDA:0,(anonymous_2)
FNDA:0,(anonymous_3)
FNDA:0,(anonymous_4)
FNDA:0,(anonymous_5)
FNDA:0,(anonymous_6)
FNDA:0,(anonymous_7)
FNDA:0,(anonymous_8)
FNDA:0,(anonymous_9)
FNDA:0,(anonymous_10)
FNDA:0,(anonymous_11)
FNDA:0,(anonymous_12)
FNDA:0,(anonymous_13)
FNDA:0,(anonymous_14)
FNDA:0,(anonymous_15)
FNDA:0,(anonymous_16)
FNDA:0,(anonymous_17)
FNDA:0,(anonymous_18)
FNDA:0,(anonymous_19)
FNDA:0,(anonymous_20)
FNDA:0,(anonymous_21)
FNDA:0,(anonymous_22)
FNDA:0,(anonymous_23)
FNDA:0,(anonymous_24)
FNDA:0,(anonymous_25)
FNDA:0,(anonymous_26)
FNDA:0,(anonymous_27)
FNDA:0,(anonymous_28)
FNDA:0,(anonymous_29)
FNDA:0,(anonymous_30)
FNDA:0,(anonymous_31)
FNDA:0,(anonymous_32)
FNDA:0,(anonymous_33)
FNDA:0,(anonymous_34)
FNDA:0,(anonymous_35)
FNDA:0,(anonymous_36)
FNDA:0,(anonymous_37)
FNDA:0,(anonymous_38)
FNDA:0,(anonymous_39)
FNDA:0,(anonymous_40)
FNDA:0,(anonymous_41)
FNDA:0,(anonymous_42)
FNDA:0,(anonymous_43)
FNDA:0,(anonymous_44)
FNDA:0,(anonymous_45)
DA:19,0
DA:93,0
DA:94,0
DA:95,0
DA:101,0
DA:106,0
DA:123,0
DA:124,0
DA:128,0
DA:129,0
DA:131,0
DA:132,0
DA:133,0
DA:135,0
DA:139,0
DA:140,0
DA:142,0
DA:143,0
DA:144,0
DA:146,0
DA:163,0
DA:164,0
DA:165,0
DA:167,0
DA:168,0
DA:169,0
DA:172,0
DA:173,0
DA:174,0
DA:177,0
DA:178,0
DA:181,0
DA:182,0
DA:186,0
DA:187,0
DA:188,0
DA:191,0
DA:192,0
DA:196,0
DA:199,0
DA:203,0
DA:204,0
DA:206,0
DA:217,0
DA:218,0
DA:220,0
DA:224,0
DA:238,0
DA:239,0
DA:241,0
DA:242,0
DA:249,0
DA:250,0
DA:253,0
DA:254,0
DA:256,0
DA:257,0
DA:258,0
DA:263,0
DA:264,0
DA:267,0
DA:268,0
DA:269,0
DA:273,0
DA:280,0
DA:284,0
DA:291,0
DA:298,0
DA:299,0
DA:300,0
DA:322,0
DA:323,0
DA:325,0
DA:326,0
DA:327,0
DA:330,0
DA:331,0
DA:332,0
DA:335,0
DA:336,0
DA:337,0
DA:342,0
DA:345,0
DA:349,0
DA:350,0
DA:352,0
DA:362,0
DA:363,0
DA:364,0
DA:366,0
DA:368,0
DA:369,0
DA:379,0
DA:397,0
DA:398,0
DA:399,0
DA:401,0
DA:402,0
DA:406,0
DA:408,0
DA:409,0
DA:410,0
DA:411,0
DA:412,0
DA:416,0
DA:417,0
DA:425,0
DA:430,0
DA:431,0
DA:432,0
DA:435,0
DA:436,0
DA:437,0
DA:440,0
DA:444,0
DA:453,0
DA:454,0
DA:456,0
DA:461,0
DA:468,0
DA:473,0
DA:474,0
DA:476,0
DA:477,0
DA:480,0
DA:481,0
DA:482,0
DA:485,0
DA:486,0
DA:487,0
DA:488,0
DA:496,0
DA:511,0
DA:529,0
DA:530,0
DA:536,0
DA:537,0
DA:540,0
DA:542,0
DA:543,0
DA:548,0
DA:549,0
DA:554,0
DA:555,0
DA:560,0
DA:562,0
DA:563,0
DA:564,0
DA:565,0
DA:583,0
DA:584,0
DA:585,0
DA:586,0
DA:589,0
DA:591,0
DA:592,0
DA:594,0
DA:600,0
DA:601,0
DA:602,0
DA:603,0
DA:617,0
DA:619,0
DA:620,0
DA:623,0
DA:625,0
DA:628,0
DA:629,0
DA:630,0
DA:631,0
DA:645,0
DA:646,0
DA:649,0
DA:650,0
DA:652,0
DA:653,0
DA:656,0
DA:661,0
DA:663,0
DA:664,0
DA:665,0
DA:666,0
DA:684,0
DA:685,0
DA:692,0
DA:693,0
DA:695,0
DA:700,0
DA:701,0
DA:702,0
DA:703,0
DA:717,0
DA:718,0
DA:719,0
DA:721,0
DA:722,0
DA:724,0
DA:729,0
DA:730,0
DA:734,0
DA:736,0
DA:737,0
DA:740,0
DA:747,0
DA:748,0
DA:755,0
DA:759,0
DA:761,0
DA:762,0
DA:765,0
DA:767,0
DA:768,0
DA:771,0
DA:773,0
DA:780,0
DA:809,0
DA:820,0
DA:838,0
DA:842,0
DA:843,0
DA:847,0
DA:852,0
DA:853,0
DA:856,0
DA:860,0
DA:861,0
DA:862,0
DA:863,0
DA:870,0
DA:874,0
DA:876,0
DA:879,0
DA:881,0
DA:886,0
DA:887,0
DA:899,0
DA:904,0
DA:905,0
DA:908,0
DA:912,0
DA:923,0
DA:924,0
DA:927,0
DA:929,0
DA:930,0
DA:933,0
DA:935,0
DA:936,0
DA:939,0
DA:940,0
DA:943,0
DA:944,0
DA:945,0
DA:956,0
DA:958,0
DA:959,0
DA:962,0
DA:963,0
DA:964,0
DA:966,0
DA:967,0
DA:970,0
DA:974,0
DA:993,0
DA:995,0
DA:997,0
DA:998,0
DA:1000,0
DA:1002,0
DA:1004,0
DA:1005,0
DA:1009,0
DA:1011,0
DA:1023,0
DA:1024,0
DA:1026,0
DA:1027,0
DA:1028,0
DA:1031,0
DA:1033,0
DA:1034,0
DA:1035,0
DA:1038,0
DA:1039,0
DA:1040,0
DA:1043,0
DA:1046,0
DA:1048,0
DA:1050,0
DA:1052,0
DA:1054,0
DA:1056,0
DA:1058,0
DA:1061,0
DA:1064,0
DA:1065,0
DA:1074,0
DA:1075,0
DA:1084,0
DA:1085,0
DA:1090,0
DA:1092,0
DA:1093,0
DA:1094,0
DA:1095,0
DA:1105,0
DA:1106,0
DA:1109,0
DA:1111,0
DA:1112,0
DA:1115,0
DA:1116,0
DA:1118,0
DA:1119,0
DA:1122,0
DA:1123,0
DA:1126,0
DA:1128,0
DA:1129,0
DA:1132,0
DA:1133,0
DA:1136,0
DA:1153,0
DA:1155,0
DA:1161,0
DA:1163,0
DA:1164,0
DA:1172,0
DA:1173,0
DA:1175,0
DA:1178,0
DA:1182,0
DA:1191,0
DA:1192,0
DA:1195,0
DA:1196,0
DA:1200,0
DA:1202,0
DA:1203,0
DA:1204,0
DA:1206,0
DA:1207,0
DA:1208,0
DA:1210,0
DA:1211,0
DA:1212,0
DA:1214,0
DA:1215,0
DA:1216,0
DA:1218,0
DA:1219,0
DA:1220,0
DA:1222,0
DA:1223,0
DA:1224,0
DA:1226,0
DA:1227,0
DA:1228,0
DA:1230,0
DA:1231,0
DA:1232,0
DA:1234,0
DA:1235,0
DA:1236,0
DA:1238,0
DA:1239,0
DA:1242,0
DA:1250,0
DA:1253,0
DA:1254,0
DA:1258,0
DA:1259,0
DA:1261,0
DA:1265,0
DA:1266,0
DA:1270,0
DA:1271,0
DA:1272,0
DA:1274,0
DA:1275,0
DA:1276,0
DA:1278,0
DA:1282,0
DA:1283,0
LF:384
LH:0
BRDA:128,0,0,0
BRDA:132,1,0,0
BRDA:139,2,0,0
BRDA:143,3,0,0
BRDA:168,4,0,0
BRDA:168,5,0,0
BRDA:168,5,1,0
BRDA:172,6,0,0
BRDA:172,7,0,0
BRDA:172,7,1,0
BRDA:173,8,0,0
BRDA:177,9,0,0
BRDA:181,10,0,0
BRDA:181,11,0,0
BRDA:181,11,1,0
BRDA:186,12,0,0
BRDA:187,13,0,0
BRDA:187,14,0,0
BRDA:187,14,1,0
BRDA:191,15,0,0
BRDA:203,16,0,0
BRDA:241,17,0,0
BRDA:249,18,0,0
BRDA:256,19,0,0
BRDA:256,19,1,0
BRDA:263,20,0,0
BRDA:268,21,0,0
BRDA:275,22,0,0
BRDA:275,22,1,0
BRDA:280,23,0,0
BRDA:281,24,0,0
BRDA:281,24,1,0
BRDA:298,25,0,0
BRDA:298,25,1,0
BRDA:326,26,0,0
BRDA:330,27,0,0
BRDA:331,28,0,0
BRDA:335,29,0,0
BRDA:336,30,0,0
BRDA:349,31,0,0
BRDA:363,32,0,0
BRDA:397,33,0,0
BRDA:397,33,1,0
BRDA:398,34,0,0
BRDA:398,34,1,0
BRDA:403,35,0,0
BRDA:403,35,1,0
BRDA:408,36,0,0
BRDA:408,37,0,0
BRDA:408,37,1,0
BRDA:410,38,0,0
BRDA:430,39,0,0
BRDA:431,40,0,0
BRDA:448,41,0,0
BRDA:448,41,1,0
BRDA:456,42,0,0
BRDA:457,43,0,0
BRDA:457,43,1,0
BRDA:457,43,2,0
BRDA:476,44,0,0
BRDA:536,45,0,0
BRDA:537,46,0,0
BRDA:537,46,1,0
BRDA:542,47,0,0
BRDA:548,48,0,0
BRDA:548,49,0,0
BRDA:548,49,1,0
BRDA:554,50,0,0
BRDA:585,51,0,0
BRDA:594,52,0,0
BRDA:594,52,1,0
BRDA:594,52,2,0
BRDA:594,52,3,0
BRDA:625,53,0,0
BRDA:625,53,1,0
BRDA:643,54,0,0
BRDA:645,55,0,0
BRDA:652,56,0,0
BRDA:678,57,0,0
BRDA:684,58,0,0
BRDA:718,59,0,0
BRDA:729,60,0,0
BRDA:736,61,0,0
BRDA:761,62,0,0
BRDA:767,63,0,0
BRDA:834,64,0,0
BRDA:835,65,0,0
BRDA:836,66,0,0
BRDA:860,67,0,0
BRDA:862,68,0,0
BRDA:886,69,0,0
BRDA:895,70,0,0
BRDA:895,70,1,0
BRDA:904,71,0,0
BRDA:923,72,0,0
BRDA:923,73,0,0
BRDA:923,73,1,0
BRDA:929,74,0,0
BRDA:935,75,0,0
BRDA:939,76,0,0
BRDA:958,77,0,0
BRDA:966,78,0,0
BRDA:993,79,0,0
BRDA:993,79,1,0
BRDA:995,80,0,0
BRDA:995,80,1,0
BRDA:995,80,2,0
BRDA:995,80,3,0
BRDA:997,81,0,0
BRDA:1004,82,0,0
BRDA:1004,83,0,0
BRDA:1004,83,1,0
BRDA:1026,84,0,0
BRDA:1033,85,0,0
BRDA:1039,86,0,0
BRDA:1048,87,0,0
BRDA:1048,87,1,0
BRDA:1048,87,2,0
BRDA:1048,87,3,0
BRDA:1048,87,4,0
BRDA:1084,88,0,0
BRDA:1105,89,0,0
BRDA:1111,90,0,0
BRDA:1118,91,0,0
BRDA:1122,92,0,0
BRDA:1128,93,0,0
BRDA:1132,94,0,0
BRDA:1158,95,0,0
BRDA:1158,95,1,0
BRDA:1163,96,0,0
BRDA:1163,96,1,0
BRDA:1165,97,0,0
BRDA:1165,97,1,0
BRDA:1166,98,0,0
BRDA:1166,98,1,0
BRDA:1167,99,0,0
BRDA:1167,99,1,0
BRDA:1172,100,0,0
BRDA:1172,101,0,0
BRDA:1172,101,1,0
BRDA:1178,102,0,0
BRDA:1178,102,1,0
BRDA:1191,103,0,0
BRDA:1191,104,0,0
BRDA:1191,104,1,0
BRDA:1200,105,0,0
BRDA:1200,105,1,0
BRDA:1200,105,2,0
BRDA:1200,105,3,0
BRDA:1200,105,4,0
BRDA:1200,105,5,0
BRDA:1200,105,6,0
BRDA:1200,105,7,0
BRDA:1200,105,8,0
BRDA:1200,105,9,0
BRDA:1215,106,0,0
BRDA:1215,106,1,0
BRDA:1219,107,0,0
BRDA:1219,107,1,0
BRDA:1223,108,0,0
BRDA:1223,108,1,0
BRDA:96,109,0,0
BRDA:96,109,1,0
BRDA:106,110,0,0
BRDA:106,110,1,0
BRDA:1258,111,0,0
BRDA:1271,112,0,0
BRDA:1271,113,0,0
BRDA:1271,113,1,0
BRDA:1274,114,0,0
BRF:170
BRH:0
end_of_record
TN:
SF:src/hcs-10/browser.ts
FN:164,(anonymous_0)
FN:237,(anonymous_1)
FN:241,(anonymous_2)
FN:326,(anonymous_3)
FN:358,(anonymous_4)
FN:519,(anonymous_5)
FN:537,(anonymous_6)
FN:565,(anonymous_7)
FN:606,(anonymous_8)
FN:654,(anonymous_9)
FN:701,(anonymous_10)
FN:722,(anonymous_11)
FN:733,(anonymous_12)
FN:881,(anonymous_13)
FN:921,(anonymous_14)
FN:950,(anonymous_15)
FN:975,(anonymous_16)
FN:1039,(anonymous_17)
FN:1074,(anonymous_18)
FN:1120,(anonymous_19)
FN:1121,(anonymous_20)
FN:1163,(anonymous_21)
FN:1205,(anonymous_22)
FN:1262,(anonymous_23)
FN:1331,(anonymous_24)
FN:1384,(anonymous_25)
FN:1387,(anonymous_26)
FN:1411,(anonymous_27)
FN:1441,(anonymous_28)
FN:1498,(anonymous_29)
FN:110,(anonymous_30)
FNF:31
FNH:0
FNDA:0,(anonymous_0)
FNDA:0,(anonymous_1)
FNDA:0,(anonymous_2)
FNDA:0,(anonymous_3)
FNDA:0,(anonymous_4)
FNDA:0,(anonymous_5)
FNDA:0,(anonymous_6)
FNDA:0,(anonymous_7)
FNDA:0,(anonymous_8)
FNDA:0,(anonymous_9)
FNDA:0,(anonymous_10)
FNDA:0,(anonymous_11)
FNDA:0,(anonymous_12)
FNDA:0,(anonymous_13)
FNDA:0,(anonymous_14)
FNDA:0,(anonymous_15)
FNDA:0,(anonymous_16)
FNDA:0,(anonymous_17)
FNDA:0,(anonymous_18)
FNDA:0,(anonymous_19)
FNDA:0,(anonymous_20)
FNDA:0,(anonymous_21)
FNDA:0,(anonymous_22)
FNDA:0,(anonymous_23)
FNDA:0,(anonymous_24)
FNDA:0,(anonymous_25)
FNDA:0,(anonymous_26)
FNDA:0,(anonymous_27)
FNDA:0,(anonymous_28)
FNDA:0,(anonymous_29)
FNDA:0,(anonymous_30)
DA:43,0
DA:111,0
DA:120,0
DA:121,0
DA:122,0
DA:124,0
DA:128,0
DA:129,0
DA:131,0
DA:134,0
DA:141,0
DA:142,0
DA:143,0
DA:145,0
DA:155,0
DA:158,0
DA:175,0
DA:176,0
DA:178,0
DA:186,0
DA:191,0
DA:192,0
DA:194,0
DA:195,0
DA:198,0
DA:199,0
DA:200,0
DA:201,0
DA:211,0
DA:212,0
DA:213,0
DA:217,0
DA:220,0
DA:221,0
DA:229,0
DA:238,0
DA:248,0
DA:249,0
DA:250,0
DA:251,0
DA:255,0
DA:256,0
DA:258,0
DA:259,0
DA:262,0
DA:263,0
DA:269,0
DA:275,0
DA:276,0
DA:280,0
DA:281,0
DA:282,0
DA:285,0
DA:286,0
DA:287,0
DA:288,0
DA:291,0
DA:292,0
DA:293,0
DA:302,0
DA:305,0
DA:307,0
DA:309,0
DA:319,0
DA:334,0
DA:335,0
DA:345,0
DA:349,0
DA:350,0
DA:353,0
DA:355,0
DA:367,0
DA:368,0
DA:374,0
DA:375,0
DA:378,0
DA:379,0
DA:381,0
DA:388,0
DA:389,0
DA:390,0
DA:391,0
DA:393,0
DA:396,0
DA:408,0
DA:410,0
DA:412,0
DA:413,0
DA:419,0
DA:420,0
DA:421,0
DA:422,0
DA:423,0
DA:425,0
DA:426,0
DA:427,0
DA:428,0
DA:431,0
DA:432,0
DA:438,0
DA:439,0
DA:444,0
DA:447,0
DA:458,0
DA:459,0
DA:460,0
DA:471,0
DA:472,0
DA:473,0
DA:476,0
DA:477,0
DA:478,0
DA:481,0
DA:482,0
DA:483,0
DA:486,0
DA:487,0
DA:488,0
DA:491,0
DA:500,0
DA:503,0
DA:525,0
DA:526,0
DA:530,0
DA:536,0
DA:538,0
DA:545,0
DA:546,0
DA:547,0
DA:548,0
DA:550,0
DA:553,0
DA:554,0
DA:556,0
DA:557,0
DA:560,0
DA:562,0
DA:577,0
DA:578,0
DA:579,0
DA:581,0
DA:584,0
DA:585,0
DA:586,0
DA:587,0
DA:593,0
DA:601,0
DA:602,0
DA:604,0
DA:606,0
DA:613,0
DA:630,0
DA:632,0
DA:634,0
DA:650,0
DA:655,0
DA:662,0
DA:663,0
DA:664,0
DA:672,0
DA:675,0
DA:676,0
DA:678,0
DA:681,0
DA:683,0
DA:684,0
DA:687,0
DA:688,0
DA:690,0
DA:691,0
DA:705,0
DA:712,0
DA:716,0
DA:719,0
DA:726,0
DA:727,0
DA:728,0
DA:729,0
DA:743,0
DA:744,0
DA:748,0
DA:749,0
DA:750,0
DA:752,0
DA:757,0
DA:763,0
DA:765,0
DA:766,0
DA:777,0
DA:779,0
DA:783,0
DA:789,0
DA:794,0
DA:801,0
DA:802,0
DA:808,0
DA:812,0
DA:813,0
DA:817,0
DA:818,0
DA:823,0
DA:824,0
DA:832,0
DA:835,0
DA:841,0
DA:842,0
DA:844,0
DA:853,0
DA:855,0
DA:862,0
DA:868,0
DA:869,0
DA:891,0
DA:892,0
DA:893,0
DA:894,0
DA:901,0
DA:908,0
DA:910,0
DA:914,0
DA:920,0
DA:922,0
DA:923,0
DA:936,0
DA:937,0
DA:940,0
DA:941,0
DA:946,0
DA:947,0
DA:949,0
DA:950,0
DA:953,0
DA:959,0
DA:961,0
DA:967,0
DA:968,0
DA:971,0
DA:977,0
DA:978,0
DA:993,0
DA:994,0
DA:1000,0
DA:1003,0
DA:1007,0
DA:1022,0
DA:1025,0
DA:1054,0
DA:1055,0
DA:1056,0
DA:1062,0
DA:1064,0
DA:1066,0
DA:1067,0
DA:1073,0
DA:1075,0
DA:1084,0
DA:1085,0
DA:1089,0
DA:1091,0
DA:1092,0
DA:1097,0
DA:1100,0
DA:1101,0
DA:1104,0
DA:1112,0
DA:1116,0
DA:1118,0
DA:1120,0
DA:1121,0
DA:1127,0
DA:1153,0
DA:1159,0
DA:1164,0
DA:1174,0
DA:1175,0
DA:1176,0
DA:1184,0
DA:1188,0
DA:1195,0
DA:1196,0
DA:1214,0
DA:1215,0
DA:1217,0
DA:1219,0
DA:1221,0
DA:1222,0
DA:1223,0
DA:1226,0
DA:1227,0
DA:1231,0
DA:1236,0
DA:1238,0
DA:1239,0
DA:1240,0
DA:1246,0
DA:1248,0
DA:1249,0
DA:1250,0
DA:1256,0
DA:1268,0
DA:1271,0
DA:1272,0
DA:1274,0
DA:1277,0
DA:1281,0
DA:1282,0
DA:1283,0
DA:1291,0
DA:1292,0
DA:1295,0
DA:1298,0
DA:1299,0
DA:1300,0
DA:1301,0
DA:1302,0
DA:1307,0
DA:1313,0
DA:1314,0
DA:1317,0
DA:1320,0
DA:1321,0
DA:1324,0
DA:1327,0
DA:1328,0
DA:1340,0
DA:1342,0
DA:1344,0
DA:1351,0
DA:1362,0
DA:1377,0
DA:1378,0
DA:1381,0
DA:1385,0
DA:1386,0
DA:1387,0
DA:1388,0
DA:1391,0
DA:1392,0
DA:1397,0
DA:1400,0
DA:1418,0
DA:1419,0
DA:1420,0
DA:1426,0
DA:1427,0
DA:1430,0
DA:1438,0
DA:1439,0
DA:1441,0
DA:1442,0
DA:1450,0
DA:1456,0
DA:1457,0
DA:1458,0
DA:1459,0
DA:1462,0
DA:1463,0
DA:1464,0
DA:1467,0
DA:1475,0
DA:1479,0
DA:1482,0
DA:1488,0
DA:1489,0
DA:1510,0
DA:1517,0
DA:1518,0
DA:1523,0
DA:1524,0
DA:1525,0
DA:1526,0
DA:1527,0
DA:1531,0
DA:1535,0
DA:1536,0
DA:1537,0
DA:1541,0
DA:1542,0
DA:1543,0
DA:1546,0
DA:1547,0
DA:1548,0
DA:1549,0
DA:1553,0
DA:1558,0
DA:1559,0
DA:1560,0
DA:1564,0
DA:1565,0
DA:1566,0
DA:1569,0
LF:391
LH:0
BRDA:194,0,0,0
BRDA:211,1,0,0
BRDA:211,1,1,0
BRDA:223,2,0,0
BRDA:223,2,1,0
BRDA:245,3,0,0
BRDA:246,4,0,0
BRDA:250,5,0,0
BRDA:258,6,0,0
BRDA:280,7,0,0
BRDA:286,8,0,0
BRDA:349,9,0,0
BRDA:378,10,0,0
BRDA:378,10,1,0
BRDA:388,11,0,0
BRDA:388,11,1,0
BRDA:397,12,0,0
BRDA:397,12,1,0
BRDA:419,13,0,0
BRDA:419,13,1,0
BRDA:421,14,0,0
BRDA:421,14,1,0
BRDA:423,15,0,0
BRDA:423,15,1,0
BRDA:431,16,0,0
BRDA:431,16,1,0
BRDA:431,17,0,0
BRDA:431,17,1,0
BRDA:431,17,2,0
BRDA:438,18,0,0
BRDA:461,19,0,0
BRDA:461,19,1,0
BRDA:472,20,0,0
BRDA:477,21,0,0
BRDA:482,22,0,0
BRDA:487,23,0,0
BRDA:540,24,0,0
BRDA:540,24,1,0
BRDA:545,25,0,0
BRDA:547,26,0,0
BRDA:556,27,0,0
BRDA:577,28,0,0
BRDA:578,29,0,0
BRDA:585,30,0,0
BRDA:585,30,1,0
BRDA:586,31,0,0
BRDA:588,32,0,0
BRDA:588,32,1,0
BRDA:601,33,0,0
BRDA:601,33,1,0
BRDA:604,34,0,0
BRDA:604,34,1,0
BRDA:615,35,0,0
BRDA:615,35,1,0
BRDA:616,36,0,0
BRDA:616,36,1,0
BRDA:617,37,0,0
BRDA:617,37,1,0
BRDA:621,38,0,0
BRDA:621,38,1,0
BRDA:623,39,0,0
BRDA:623,39,1,0
BRDA:640,40,0,0
BRDA:640,40,1,0
BRDA:652,41,0,0
BRDA:652,41,1,0
BRDA:657,42,0,0
BRDA:657,42,1,0
BRDA:662,43,0,0
BRDA:663,44,0,0
BRDA:665,45,0,0
BRDA:665,45,1,0
BRDA:673,46,0,0
BRDA:673,46,1,0
BRDA:675,47,0,0
BRDA:683,48,0,0
BRDA:687,49,0,0
BRDA:690,50,0,0
BRDA:692,51,0,0
BRDA:692,51,1,0
BRDA:705,52,0,0
BRDA:705,52,1,0
BRDA:712,53,0,0
BRDA:713,54,0,0
BRDA:713,54,1,0
BRDA:728,55,0,0
BRDA:735,56,0,0
BRDA:748,57,0,0
BRDA:748,57,1,0
BRDA:757,58,0,0
BRDA:758,59,0,0
BRDA:758,59,1,0
BRDA:758,59,2,0
BRDA:763,60,0,0
BRDA:763,60,1,0
BRDA:801,61,0,0
BRDA:812,62,0,0
BRDA:823,63,0,0
BRDA:841,64,0,0
BRDA:841,64,1,0
BRDA:842,65,0,0
BRDA:842,65,1,0
BRDA:901,66,0,0
BRDA:901,66,1,0
BRDA:914,67,0,0
BRDA:915,68,0,0
BRDA:915,68,1,0
BRDA:915,68,2,0
BRDA:915,68,3,0
BRDA:922,69,0,0
BRDA:922,69,1,0
BRDA:928,70,0,0
BRDA:928,70,1,0
BRDA:936,71,0,0
BRDA:940,72,0,0
BRDA:942,73,0,0
BRDA:942,73,1,0
BRDA:961,74,0,0
BRDA:962,75,0,0
BRDA:962,75,1,0
BRDA:967,76,0,0
BRDA:977,77,0,0
BRDA:977,77,1,0
BRDA:983,78,0,0
BRDA:983,78,1,0
BRDA:993,79,0,0
BRDA:995,80,0,0
BRDA:995,80,1,0
BRDA:1029,81,0,0
BRDA:1029,81,1,0
BRDA:1044,82,0,0
BRDA:1045,83,0,0
BRDA:1066,84,0,0
BRDA:1066,84,1,0
BRDA:1066,85,0,0
BRDA:1066,85,1,0
BRDA:1066,85,2,0
BRDA:1078,86,0,0
BRDA:1078,86,1,0
BRDA:1084,87,0,0
BRDA:1084,87,1,0
BRDA:1091,88,0,0
BRDA:1091,88,1,0
BRDA:1100,89,0,0
BRDA:1113,90,0,0
BRDA:1113,90,1,0
BRDA:1118,91,0,0
BRDA:1118,91,1,0
BRDA:1131,92,0,0
BRDA:1131,92,1,0
BRDA:1135,93,0,0
BRDA:1135,93,1,0
BRDA:1138,94,0,0
BRDA:1138,94,1,0
BRDA:1139,95,0,0
BRDA:1139,95,1,0
BRDA:1140,96,0,0
BRDA:1140,96,1,0
BRDA:1141,97,0,0
BRDA:1141,97,1,0
BRDA:1161,98,0,0
BRDA:1161,98,1,0
BRDA:1167,99,0,0
BRDA:1167,99,1,0
BRDA:1174,100,0,0
BRDA:1179,101,0,0
BRDA:1179,101,1,0
BRDA:1180,102,0,0
BRDA:1180,102,1,0
BRDA:1192,103,0,0
BRDA:1192,103,1,0
BRDA:1221,104,0,0
BRDA:1221,105,0,0
BRDA:1221,105,1,0
BRDA:1226,106,0,0
BRDA:1226,107,0,0
BRDA:1226,107,1,0
BRDA:1238,108,0,0
BRDA:1248,109,0,0
BRDA:1271,110,0,0
BRDA:1271,110,1,0
BRDA:1282,111,0,0
BRDA:1291,112,0,0
BRDA:1298,113,0,0
BRDA:1298,113,1,0
BRDA:1313,114,0,0
BRDA:1320,115,0,0
BRDA:1342,116,0,0
BRDA:1342,116,1,0
BRDA:1354,117,0,0
BRDA:1354,117,1,0
BRDA:1355,118,0,0
BRDA:1355,118,1,0
BRDA:1358,119,0,0
BRDA:1358,119,1,0
BRDA:1377,120,0,0
BRDA:1377,121,0,0
BRDA:1377,121,1,0
BRDA:1391,122,0,0
BRDA:1426,123,0,0
BRDA:1443,124,0,0
BRDA:1443,124,1,0
BRDA:1444,125,0,0
BRDA:1444,125,1,0
BRDA:1445,126,0,0
BRDA:1445,126,1,0
BRDA:1456,127,0,0
BRDA:1458,128,0,0
BRDA:1463,129,0,0
BRDA:1485,130,0,0
BRDA:1485,130,1,0
BRDA:1510,131,0,0
BRDA:1510,131,1,0
BRDA:1517,132,0,0
BRDA:1524,133,0,0
BRDA:1526,134,0,0
BRDA:1536,135,0,0
BRDA:1536,136,0,0
BRDA:1536,136,1,0
BRDA:1538,137,0,0
BRDA:1538,137,1,0
BRDA:1542,138,0,0
BRDA:1546,139,0,0
BRDA:1548,140,0,0
BRDA:1559,141,0,0
BRDA:1559,142,0,0
BRDA:1559,142,1,0
BRDA:1561,143,0,0
BRDA:1561,143,1,0
BRDA:1565,144,0,0
BRDA:121,145,0,0
BRDA:121,145,1,0
BRDA:128,146,0,0
BRDA:128,146,1,0
BRDA:141,147,0,0
BRDA:141,147,1,0
BRF:236
BRH:0
end_of_record
TN:
SF:src/hcs-10/connections-manager.ts
FN:268,(anonymous_0)
FN:273,(anonymous_1)
FN:301,(anonymous_2)
FN:327,(anonymous_3)
FN:329,(anonymous_4)
FN:340,(anonymous_5)
FN:370,(anonymous_6)
FN:437,(anonymous_7)
FN:446,(anonymous_8)
FN:457,(anonymous_9)
FN:462,(anonymous_10)
FN:469,(anonymous_11)
FN:542,(anonymous_12)
FN:600,(anonymous_13)
FN:613,(anonymous_14)
FN:639,(anonymous_15)
FN:644,(anonymous_16)
FN:666,(anonymous_17)
FN:669,(anonymous_18)
FN:681,(anonymous_19)
FN:705,(anonymous_20)
FN:723,(anonymous_21)
FN:732,(anonymous_22)
FN:751,(anonymous_23)
FN:801,(anonymous_24)
FN:867,(anonymous_25)
FN:906,(anonymous_26)
FN:918,(anonymous_27)
FN:924,(anonymous_28)
FN:928,(anonymous_29)
FN:952,(anonymous_30)
FN:1030,(anonymous_31)
FN:1043,(anonymous_32)
FN:1056,(anonymous_33)
FN:1057,(anonymous_34)
FN:1071,(anonymous_35)
FN:1091,(anonymous_36)
FN:1095,(anonymous_37)
FN:1113,(anonymous_38)
FN:1115,(anonymous_39)
FN:1127,(anonymous_40)
FN:1129,(anonymous_41)
FN:1145,(anonymous_42)
FN:1147,(anonymous_43)
FN:1156,(anonymous_44)
FN:1158,(anonymous_45)
FN:1166,(anonymous_46)
FN:1168,(anonymous_47)
FN:1179,(anonymous_48)
FN:1188,(anonymous_49)
FN:1190,(anonymous_50)
FN:1200,(anonymous_51)
FN:1202,(anonymous_52)
FN:1210,(anonymous_53)
FN:1217,(anonymous_54)
FN:1230,(anonymous_55)
FN:1262,(anonymous_56)
FN:1307,(anonymous_57)
FN:1351,(anonymous_58)
FN:1366,(anonymous_59)
FN:1375,(anonymous_60)
FN:1386,(anonymous_61)
FN:243,(anonymous_62)
FNF:63
FNH:0
FNDA:0,(anonymous_0)
FNDA:0,(anonymous_1)
FNDA:0,(anonymous_2)
FNDA:0,(anonymous_3)
FNDA:0,(anonymous_4)
FNDA:0,(anonymous_5)
FNDA:0,(anonymous_6)
FNDA:0,(anonymous_7)
FNDA:0,(anonymous_8)
FNDA:0,(anonymous_9)
FNDA:0,(anonymous_10)
FNDA:0,(anonymous_11)
FNDA:0,(anonymous_12)
FNDA:0,(anonymous_13)
FNDA:0,(anonymous_14)
FNDA:0,(anonymous_15)
FNDA:0,(anonymous_16)
FNDA:0,(anonymous_17)
FNDA:0,(anonymous_18)
FNDA:0,(anonymous_19)
FNDA:0,(anonymous_20)
FNDA:0,(anonymous_21)
FNDA:0,(anonymous_22)
FNDA:0,(anonymous_23)
FNDA:0,(anonymous_24)
FNDA:0,(anonymous_25)
FNDA:0,(anonymous_26)
FNDA:0,(anonymous_27)
FNDA:0,(anonymous_28)
FNDA:0,(anonymous_29)
FNDA:0,(anonymous_30)
FNDA:0,(anonymous_31)
FNDA:0,(anonymous_32)
FNDA:0,(anonymous_33)
FNDA:0,(anonymous_34)
FNDA:0,(anonymous_35)
FNDA:0,(anonymous_36)
FNDA:0,(anonymous_37)
FNDA:0,(anonymous_38)
FNDA:0,(anonymous_39)
FNDA:0,(anonymous_40)
FNDA:0,(anonymous_41)
FNDA:0,(anonymous_42)
FNDA:0,(anonymous_43)
FNDA:0,(anonymous_44)
FNDA:0,(anonymous_45)
FNDA:0,(anonymous_46)
FNDA:0,(anonymous_47)
FNDA:0,(anonymous_48)
FNDA:0,(anonymous_49)
FNDA:0,(anonymous_50)
FNDA:0,(anonymous_51)
FNDA:0,(anonymous_52)
FNDA:0,(anonymous_53)
FNDA:0,(anonymous_54)
FNDA:0,(anonymous_55)
FNDA:0,(anonymous_56)
FNDA:0,(anonymous_57)
FNDA:0,(anonymous_58)
FNDA:0,(anonymous_59)
FNDA:0,(anonymous_60)
FNDA:0,(anonymous_61)
FNDA:0,(anonymous_62)
DA:234,0
DA:235,0
DA:236,0
DA:237,0
DA:244,0
DA:250,0
DA:252,0
DA:253,0
DA:256,0
DA:257,0
DA:260,0
DA:269,0
DA:271,0
DA:273,0
DA:274,0
DA:277,0
DA:281,0
DA:284,0
DA:287,0
DA:294,0
DA:298,0
DA:300,0
DA:301,0
DA:303,0
DA:311,0
DA:312,0
DA:313,0
DA:314,0
DA:316,0
DA:318,0
DA:319,0
DA:328,0
DA:330,0
DA:334,0
DA:335,0
DA:338,0
DA:340,0
DA:341,0
DA:343,0
DA:344,0
DA:345,0
DA:349,0
DA:350,0
DA:352,0
DA:356,0
DA:357,0
DA:359,0
DA:360,0
DA:362,0
DA:364,0
DA:365,0
DA:366,0
DA:367,0
DA:370,0
DA:371,0
DA:372,0
DA:375,0
DA:376,0
DA:379,0
DA:380,0
DA:381,0
DA:382,0
DA:384,0
DA:385,0
DA:388,0
DA:389,0
DA:394,0
DA:397,0
DA:398,0
DA:400,0
DA:402,0
DA:404,0
DA:421,0
DA:423,0
DA:424,0
DA:427,0
DA:433,0
DA:434,0
DA:437,0
DA:439,0
DA:443,0
DA:444,0
DA:446,0
DA:458,0
DA:459,0
DA:461,0
DA:462,0
DA:464,0
DA:468,0
DA:469,0
DA:472,0
DA:473,0
DA:474,0
DA:477,0
DA:478,0
DA:482,0
DA:483,0
DA:486,0
DA:489,0
DA:490,0
DA:491,0
DA:492,0
DA:495,0
DA:496,0
DA:497,0
DA:501,0
DA:505,0
DA:508,0
DA:511,0
DA:514,0
DA:518,0
DA:519,0
DA:522,0
DA:525,0
DA:526,0
DA:527,0
DA:530,0
DA:533,0
DA:534,0
DA:538,0
DA:539,0
DA:541,0
DA:543,0
DA:548,0
DA:549,0
DA:550,0
DA:554,0
DA:578,0
DA:580,0
DA:581,0
DA:584,0
DA:589,0
DA:601,0
DA:603,0
DA:604,0
DA:608,0
DA:612,0
DA:614,0
DA:616,0
DA:617,0
DA:618,0
DA:620,0
DA:626,0
DA:631,0
DA:643,0
DA:645,0
DA:650,0
DA:651,0
DA:652,0
DA:656,0
DA:667,0
DA:669,0
DA:670,0
DA:672,0
DA:673,0
DA:676,0
DA:678,0
DA:681,0
DA:682,0
DA:683,0
DA:684,0
DA:686,0
DA:687,0
DA:690,0
DA:697,0
DA:706,0
DA:707,0
DA:710,0
DA:711,0
DA:714,0
DA:727,0
DA:728,0
DA:731,0
DA:732,0
DA:735,0
DA:736,0
DA:737,0
DA:739,0
DA:741,0
DA:743,0
DA:744,0
DA:747,0
DA:750,0
DA:752,0
DA:757,0
DA:759,0
DA:760,0
DA:773,0
DA:775,0
DA:776,0
DA:795,0
DA:800,0
DA:802,0
DA:807,0
DA:808,0
DA:809,0
DA:810,0
DA:814,0
DA:815,0
DA:818,0
DA:821,0
DA:823,0
DA:824,0
DA:825,0
DA:828,0
DA:829,0
DA:832,0
DA:833,0
DA:849,0
DA:850,0
DA:866,0
DA:868,0
DA:872,0
DA:873,0
DA:875,0
DA:876,0
DA:877,0
DA:881,0
DA:885,0
DA:889,0
DA:905,0
DA:907,0
DA:919,0
DA:920,0
DA:923,0
DA:924,0
DA:927,0
DA:929,0
DA:934,0
DA:935,0
DA:936,0
DA:938,0
DA:940,0
DA:942,0
DA:943,0
DA:946,0
DA:949,0
DA:951,0
DA:952,0
DA:955,0
DA:956,0
DA:959,0
DA:962,0
DA:963,0
DA:980,0
DA:981,0
DA:982,0
DA:983,0
DA:984,0
DA:986,0
DA:987,0
DA:990,0
DA:993,0
DA:995,0
DA:996,0
DA:999,0
DA:1000,0
DA:1014,0
DA:1015,0
DA:1029,0
DA:1031,0
DA:1047,0
DA:1052,0
DA:1055,0
DA:1056,0
DA:1058,0
DA:1059,0
DA:1060,0
DA:1063,0
DA:1064,0
DA:1065,0
DA:1071,0
DA:1072,0
DA:1073,0
DA:1074,0
DA:1083,0
DA:1092,0
DA:1094,0
DA:1095,0
DA:1098,0
DA:1099,0
DA:1114,0
DA:1116,0
DA:1120,0
DA:1128,0
DA:1130,0
DA:1137,0
DA:1146,0
DA:1148,0
DA:1157,0
DA:1158,0
DA:1167,0
DA:1169,0
DA:1180,0
DA:1189,0
DA:1191,0
DA:1201,0
DA:1202,0
DA:1211,0
DA:1218,0
DA:1219,0
DA:1234,0
DA:1235,0
DA:1240,0
DA:1243,0
DA:1248,0
DA:1252,0
DA:1266,0
DA:1268,0
DA:1269,0
DA:1273,0
DA:1277,0
DA:1278,0
DA:1283,0
DA:1287,0
DA:1291,0
DA:1292,0
DA:1298,0
DA:1315,0
DA:1316,0
DA:1321,0
DA:1323,0
DA:1324,0
DA:1326,0
DA:1330,0
DA:1331,0
DA:1334,0
DA:1335,0
DA:1339,0
DA:1341,0
DA:1342,0
DA:1357,0
DA:1370,0
DA:1372,0
DA:1374,0
DA:1376,0
DA:1381,0
DA:1382,0
DA:1385,0
DA:1386,0
DA:1389,0
DA:1391,0
DA:1392,0
LF:343
LH:0
BRDA:274,0,0,0
BRDA:274,0,1,0
BRDA:277,1,0,0
BRDA:278,2,0,0
BRDA:278,2,1,0
BRDA:295,3,0,0
BRDA:295,3,1,0
BRDA:298,4,0,0
BRDA:298,4,1,0
BRDA:301,5,0,0
BRDA:301,5,1,0
BRDA:305,6,0,0
BRDA:305,6,1,0
BRDA:307,7,0,0
BRDA:307,7,1,0
BRDA:330,8,0,0
BRDA:330,8,1,0
BRDA:330,8,2,0
BRDA:334,9,0,0
BRDA:341,10,0,0
BRDA:343,11,0,0
BRDA:343,11,1,0
BRDA:360,12,0,0
BRDA:360,12,1,0
BRDA:366,13,0,0
BRDA:371,14,0,0
BRDA:371,15,0,0
BRDA:371,15,1,0
BRDA:375,16,0,0
BRDA:379,17,0,0
BRDA:381,18,0,0
BRDA:384,19,0,0
BRDA:384,20,0,0
BRDA:384,20,1,0
BRDA:388,21,0,0
BRDA:397,22,0,0
BRDA:412,23,0,0
BRDA:412,23,1,0
BRDA:423,24,0,0
BRDA:433,25,0,0
BRDA:433,26,0,0
BRDA:433,26,1,0
BRDA:443,27,0,0
BRDA:472,28,0,0
BRDA:482,29,0,0
BRDA:490,30,0,0
BRDA:495,31,0,0
BRDA:495,31,1,0
BRDA:518,32,0,0
BRDA:518,33,0,0
BRDA:518,33,1,0
BRDA:525,34,0,0
BRDA:525,34,1,0
BRDA:526,35,0,0
BRDA:539,36,0,0
BRDA:539,36,1,0
BRDA:543,37,0,0
BRDA:543,37,1,0
BRDA:543,37,2,0
BRDA:548,38,0,0
BRDA:548,38,1,0
BRDA:563,39,0,0
BRDA:563,39,1,0
BRDA:564,40,0,0
BRDA:564,40,1,0
BRDA:580,41,0,0
BRDA:604,42,0,0
BRDA:605,43,0,0
BRDA:605,43,1,0
BRDA:617,44,0,0
BRDA:617,45,0,0
BRDA:617,45,1,0
BRDA:645,46,0,0
BRDA:645,46,1,0
BRDA:645,46,2,0
BRDA:645,46,3,0
BRDA:650,47,0,0
BRDA:650,48,0,0
BRDA:650,48,1,0
BRDA:672,49,0,0
BRDA:672,50,0,0
BRDA:672,50,1,0
BRDA:672,50,2,0
BRDA:686,51,0,0
BRDA:706,52,0,0
BRDA:710,53,0,0
BRDA:727,54,0,0
BRDA:732,55,0,0
BRDA:732,55,1,0
BRDA:737,56,0,0
BRDA:737,56,1,0
BRDA:743,57,0,0
BRDA:752,58,0,0
BRDA:752,58,1,0
BRDA:752,58,2,0
BRDA:759,59,0,0
BRDA:759,60,0,0
BRDA:759,60,1,0
BRDA:763,61,0,0
BRDA:763,61,1,0
BRDA:768,62,0,0
BRDA:768,62,1,0
BRDA:775,63,0,0
BRDA:787,64,0,0
BRDA:787,64,1,0
BRDA:790,65,0,0
BRDA:790,65,1,0
BRDA:802,66,0,0
BRDA:802,66,1,0
BRDA:802,66,2,0
BRDA:811,67,0,0
BRDA:811,67,1,0
BRDA:814,68,0,0
BRDA:824,69,0,0
BRDA:828,70,0,0
BRDA:832,71,0,0
BRDA:832,71,1,0
BRDA:839,72,0,0
BRDA:839,72,1,0
BRDA:844,73,0,0
BRDA:844,73,1,0
BRDA:859,74,0,0
BRDA:859,74,1,0
BRDA:868,75,0,0
BRDA:868,75,1,0
BRDA:868,75,2,0
BRDA:875,76,0,0
BRDA:877,77,0,0
BRDA:878,78,0,0
BRDA:878,78,1,0
BRDA:885,79,0,0
BRDA:885,79,1,0
BRDA:885,80,0,0
BRDA:885,80,1,0
BRDA:894,81,0,0
BRDA:894,81,1,0
BRDA:907,82,0,0
BRDA:907,82,1,0
BRDA:907,82,2,0
BRDA:919,83,0,0
BRDA:924,84,0,0
BRDA:924,84,1,0
BRDA:929,85,0,0
BRDA:929,85,1,0
BRDA:929,85,2,0
BRDA:936,86,0,0
BRDA:936,86,1,0
BRDA:942,87,0,0
BRDA:955,88,0,0
BRDA:962,89,0,0
BRDA:970,90,0,0
BRDA:970,90,1,0
BRDA:983,91,0,0
BRDA:983,91,1,0
BRDA:984,92,0,0
BRDA:984,92,1,0
BRDA:986,93,0,0
BRDA:995,94,0,0
BRDA:999,95,0,0
BRDA:999,95,1,0
BRDA:1006,96,0,0
BRDA:1006,96,1,0
BRDA:1031,97,0,0
BRDA:1031,97,1,0
BRDA:1031,97,2,0
BRDA:1047,98,0,0
BRDA:1048,99,0,0
BRDA:1048,99,1,0
BRDA:1048,99,2,0
BRDA:1058,100,0,0
BRDA:1058,100,1,0
BRDA:1059,101,0,0
BRDA:1059,101,1,0
BRDA:1063,102,0,0
BRDA:1072,103,0,0
BRDA:1077,104,0,0
BRDA:1077,104,1,0
BRDA:1116,105,0,0
BRDA:1116,105,1,0
BRDA:1116,105,2,0
BRDA:1131,106,0,0
BRDA:1131,106,1,0
BRDA:1148,107,0,0
BRDA:1148,107,1,0
BRDA:1169,108,0,0
BRDA:1169,108,1,0
BRDA:1191,109,0,0
BRDA:1191,109,1,0
BRDA:1235,110,0,0
BRDA:1236,111,0,0
BRDA:1236,111,1,0
BRDA:1236,111,2,0
BRDA:1243,112,0,0
BRDA:1244,113,0,0
BRDA:1244,113,1,0
BRDA:1244,113,2,0
BRDA:1269,114,0,0
BRDA:1270,115,0,0
BRDA:1270,115,1,0
BRDA:1283,116,0,0
BRDA:1284,117,0,0
BRDA:1284,117,1,0
BRDA:1318,118,0,0
BRDA:1318,118,1,0
BRDA:1330,119,0,0
BRDA:1330,120,0,0
BRDA:1330,120,1,0
BRDA:1376,121,0,0
BRDA:1376,121,1,0
BRDA:1376,121,2,0
BRDA:1381,122,0,0
BRDA:246,123,0,0
BRDA:246,123,1,0
BRDA:252,124,0,0
BRDA:256,125,0,0
BRF:215
BRH:0
end_of_record
TN:
SF:src/hcs-10/errors.ts
FN:2,(anonymous_0)
FN:12,(anonymous_1)
FN:19,(anonymous_2)
FN:26,(anonymous_3)
FNF:4
FNH:0
FNDA:0,(anonymous_0)
FNDA:0,(anonymous_1)
FNDA:0,(anonymous_2)
FNDA:0,(anonymous_3)
DA:6,0
DA:7,0
DA:13,0
DA:14,0
DA:20,0
DA:21,0
DA:27,0
DA:28,0
LF:8
LH:0
BRF:0
BRH:0
end_of_record
TN:
SF:src/hcs-10/registrations.ts
FN:26,(anonymous_0)
FN:70,(anonymous_1)
FN:112,(anonymous_2)
FN:131,(anonymous_3)
FN:266,(anonymous_4)
FN:272,(anonymous_5)
FNF:6
FNH:0
FNDA:0,(anonymous_0)
FNDA:0,(anonymous_1)
FNDA:0,(anonymous_2)
FNDA:0,(anonymous_3)
FNDA:0,(anonymous_4)
FNDA:0,(anonymous_5)
DA:32,0
DA:33,0
DA:42,0
DA:43,0
DA:44,0
DA:45,0
DA:47,0
DA:50,0
DA:52,0
DA:53,0
DA:55,0
DA:78,0
DA:79,0
DA:80,0
DA:81,0
DA:86,0
DA:93,0
DA:94,0
DA:95,0
DA:97,0
DA:100,0
DA:101,0
DA:102,0
DA:104,0
DA:107,0
DA:108,0
DA:112,0
DA:113,0
DA:116,0
DA:117,0
DA:119,0
DA:137,0
DA:138,0
DA:139,0
DA:142,0
DA:143,0
DA:147,0
DA:150,0
DA:151,0
DA:155,0
DA:157,0
DA:158,0
DA:159,0
DA:164,0
DA:165,0
DA:166,0
DA:168,0
DA:174,0
DA:175,0
DA:176,0
DA:178,0
DA:184,0
DA:185,0
DA:186,0
DA:188,0
DA:194,0
DA:195,0
DA:200,0
DA:201,0
DA:203,0
DA:209,0
DA:224,0
DA:226,0
DA:227,0
DA:228,0
DA:234,0
DA:240,0
DA:241,0
DA:246,0
DA:252,0
DA:270,0
DA:271,0
DA:272,0
DA:273,0
DA:274,0
DA:276,0
DA:277,0
DA:280,0
DA:292,0
DA:293,0
DA:294,0
DA:301,0
DA:302,0
DA:303,0
DA:310,0
DA:315,0
DA:316,0
LF:87
LH:0
BRDA:42,0,0,0
BRDA:44,1,0,0
BRDA:52,2,0,0
BRDA:74,3,0,0
BRDA:75,4,0,0
BRDA:80,5,0,0
BRDA:93,6,0,0
BRDA:94,7,0,0
BRDA:100,8,0,0
BRDA:101,9,0,0
BRDA:107,10,0,0
BRDA:116,11,0,0
BRDA:133,12,0,0
BRDA:134,13,0,0
BRDA:138,14,0,0
BRDA:157,15,0,0
BRDA:164,16,0,0
BRDA:164,17,0,0
BRDA:164,17,1,0
BRDA:165,18,0,0
BRDA:174,19,0,0
BRDA:175,20,0,0
BRDA:184,21,0,0
BRDA:185,22,0,0
BRDA:194,23,0,0
BRDA:200,24,0,0
BRDA:226,25,0,0
BRDA:227,26,0,0
BRDA:230,27,0,0
BRDA:230,27,1,0
BRDA:235,28,0,0
BRDA:235,28,1,0
BRDA:240,29,0,0
BRDA:267,30,0,0
BRDA:268,31,0,0
BRDA:273,32,0,0
BRDA:276,33,0,0
BRDA:292,34,0,0
BRDA:296,35,0,0
BRDA:296,35,1,0
BRDA:302,36,0,0
BRDA:311,37,0,0
BRDA:311,37,1,0
BRF:43
BRH:0
end_of_record
TN:
SF:src/hcs-10/sdk.ts
FN:154,(anonymous_0)
FN:190,(anonymous_1)
FN:199,(anonymous_2)
FN:244,(anonymous_3)
FN:279,(anonymous_4)
FN:291,(anonymous_5)
FN:310,(anonymous_6)
FN:413,(anonymous_7)
FN:427,(anonymous_8)
FN:597,(anonymous_9)
FN:651,(anonymous_10)
FN:688,(anonymous_11)
FN:689,(anonymous_12)
FN:746,(anonymous_13)
FN:769,(anonymous_14)
FN:817,(anonymous_15)
FN:824,(anonymous_16)
FN:858,(anonymous_17)
FN:963,(anonymous_18)
FN:1006,(anonymous_19)
FN:1077,(anonymous_20)
FN:1109,(anonymous_21)
FN:1158,(anonymous_22)
FN:1234,(anonymous_23)
FN:1252,(anonymous_24)
FN:1311,(anonymous_25)
FN:1320,(anonymous_26)
FN:1345,(anonymous_27)
FN:1389,(anonymous_28)
FN:1391,(anonymous_29)
FN:1464,(anonymous_30)
FN:1577,(anonymous_31)
FN:1665,(anonymous_32)
FN:1806,(anonymous_33)
FN:1825,(anonymous_34)
FN:1866,(anonymous_35)
FN:1870,(anonymous_36)
FN:1878,(anonymous_37)
FN:1889,(anonymous_38)
FN:1953,(anonymous_39)
FN:1998,(anonymous_40)
FN:2046,(anonymous_41)
FN:2118,(anonymous_42)
FN:2161,(anonymous_43)
FN:2195,(anonymous_44)
FN:2295,(anonymous_45)
FN:2432,(anonymous_46)
FN:2569,(anonymous_47)
FN:2617,(anonymous_48)
FN:2619,(anonymous_49)
FN:2692,(anonymous_50)
FN:2806,(anonymous_51)
FN:2895,(anonymous_52)
FN:89,(anonymous_53)
FNF:54
FNH:0
FNDA:0,(anonymous_0)
FNDA:0,(anonymous_1)
FNDA:0,(anonymous_2)
FNDA:0,(anonymous_3)
FNDA:0,(anonymous_4)
FNDA:0,(anonymous_5)
FNDA:0,(anonymous_6)
FNDA:0,(anonymous_7)
FNDA:0,(anonymous_8)
FNDA:0,(anonymous_9)
FNDA:0,(anonymous_10)
FNDA:0,(anonymous_11)
FNDA:0,(anonymous_12)
FNDA:0,(anonymous_13)
FNDA:0,(anonymous_14)
FNDA:0,(anonymous_15)
FNDA:0,(anonymous_16)
FNDA:0,(anonymous_17)
FNDA:0,(anonymous_18)
FNDA:0,(anonymous_19)
FNDA:0,(anonymous_20)
FNDA:0,(anonymous_21)
FNDA:0,(anonymous_22)
FNDA:0,(anonymous_23)
FNDA:0,(anonymous_24)
FNDA:0,(anonymous_25)
FNDA:0,(anonymous_26)
FNDA:0,(anonymous_27)
FNDA:0,(anonymous_28)
FNDA:0,(anonymous_29)
FNDA:0,(anonymous_30)
FNDA:0,(anonymous_31)
FNDA:0,(anonymous_32)
FNDA:0,(anonymous_33)
FNDA:0,(anonymous_34)
FNDA:0,(anonymous_35)
FNDA:0,(anonymous_36)
FNDA:0,(anonymous_37)
FNDA:0,(anonymous_38)
FNDA:0,(anonymous_39)
FNDA:0,(anonymous_40)
FNDA:0,(anonymous_41)
FNDA:0,(anonymous_42)
FNDA:0,(anonymous_43)
FNDA:0,(anonymous_44)
FNDA:0,(anonymous_45)
FNDA:0,(anonymous_46)
FNDA:0,(anonymous_47)
FNDA:0,(anonymous_48)
FNDA:0,(anonymous_49)
FNDA:0,(anonymous_50)
FNDA:0,(anonymous_51)
FNDA:0,(anonymous_52)
FNDA:0,(anonymous_53)
DA:90,0
DA:100,0
DA:106,0
DA:108,0
DA:109,0
DA:111,0
DA:112,0
DA:114,0
DA:117,0
DA:119,0
DA:120,0
DA:121,0
DA:123,0
DA:124,0
DA:127,0
DA:129,0
DA:132,0
DA:135,0
DA:138,0
DA:139,0
DA:142,0
DA:160,0
DA:161,0
DA:163,0
DA:164,0
DA:165,0
DA:166,0
DA:168,0
DA:172,0
DA:176,0
DA:180,0
DA:182,0
DA:191,0
DA:202,0
DA:203,0
DA:206,0
DA:209,0
DA:211,0
DA:215,0
DA:216,0
DA:217,0
DA:218,0
DA:220,0
DA:221,0
DA:222,0
DA:227,0
DA:230,0
DA:250,0
DA:251,0
DA:254,0
DA:262,0
DA:264,0
DA:265,0
DA:267,0
DA:268,0
DA:270,0
DA:271,0
DA:272,0
DA:277,0
DA:279,0
DA:280,0
DA:281,0
DA:286,0
DA:290,0
DA:291,0
DA:295,0
DA:297,0
DA:300,0
DA:316,0
DA:317,0
DA:320,0
DA:321,0
DA:322,0
DA:323,0
DA:326,0
DA:343,0
DA:344,0
DA:345,0
DA:361,0
DA:374,0
DA:375,0
DA:379,0
DA:380,0
DA:397,0
DA:402,0
DA:422,0
DA:423,0
DA:428,0
DA:437,0
DA:438,0
DA:441,0
DA:442,0
DA:444,0
DA:451,0
DA:452,0
DA:453,0
DA:454,0
DA:456,0
DA:459,0
DA:467,0
DA:468,0
DA:469,0
DA:476,0
DA:482,0
DA:484,0
DA:485,0
DA:491,0
DA:492,0
DA:493,0
DA:494,0
DA:495,0
DA:497,0
DA:498,0
DA:499,0
DA:500,0
DA:503,0
DA:504,0
DA:510,0
DA:511,0
DA:516,0
DA:519,0
DA:530,0
DA:531,0
DA:532,0
DA:543,0
DA:544,0
DA:545,0
DA:548,0
DA:549,0
DA:550,0
DA:553,0
DA:554,0
DA:555,0
DA:558,0
DA:559,0
DA:560,0
DA:563,0
DA:572,0
DA:575,0
DA:601,0
DA:602,0
DA:604,0
DA:609,0
DA:610,0
DA:613,0
DA:618,0
DA:621,0
DA:627,0
DA:628,0
DA:629,0
DA:630,0
DA:662,0
DA:663,0
DA:665,0
DA:666,0
DA:667,0
DA:668,0
DA:669,0
DA:673,0
DA:675,0
DA:676,0
DA:679,0
DA:682,0
DA:686,0
DA:688,0
DA:689,0
DA:695,0
DA:712,0
DA:717,0
DA:718,0
DA:719,0
DA:722,0
DA:726,0
DA:733,0
DA:734,0
DA:735,0
DA:736,0
DA:751,0
DA:752,0
DA:753,0
DA:756,0
DA:757,0
DA:758,0
DA:761,0
DA:762,0
DA:765,0
DA:768,0
DA:770,0
DA:771,0
DA:774,0
DA:776,0
DA:777,0
DA:783,0
DA:784,0
DA:789,0
DA:791,0
DA:795,0
DA:796,0
DA:797,0
DA:800,0
DA:805,0
DA:806,0
DA:812,0
DA:821,0
DA:822,0
DA:823,0
DA:824,0
DA:827,0
DA:828,0
DA:829,0
DA:830,0
DA:836,0
DA:837,0
DA:838,0
DA:842,0
DA:843,0
DA:846,0
DA:865,0
DA:870,0
DA:874,0
DA:875,0
DA:876,0
DA:879,0
DA:880,0
DA:882,0
DA:883,0
DA:886,0
DA:890,0
DA:891,0
DA:892,0
DA:893,0
DA:898,0
DA:905,0
DA:912,0
DA:914,0
DA:915,0
DA:916,0
DA:919,0
DA:921,0
DA:929,0
DA:932,0
DA:934,0
DA:936,0
DA:946,0
DA:971,0
DA:972,0
DA:973,0
DA:983,0
DA:988,0
DA:995,0
DA:997,0
DA:998,0
DA:1003,0
DA:1017,0
DA:1022,0
DA:1024,0
DA:1032,0
DA:1033,0
DA:1035,0
DA:1036,0
DA:1039,0
DA:1040,0
DA:1041,0
DA:1042,0
DA:1052,0
DA:1053,0
DA:1054,0
DA:1058,0
DA:1061,0
DA:1062,0
DA:1063,0
DA:1064,0
DA:1068,0
DA:1069,0
DA:1083,0
DA:1085,0
DA:1092,0
DA:1093,0
DA:1096,0
DA:1097,0
DA:1098,0
DA:1100,0
DA:1101,0
DA:1102,0
DA:1105,0
DA:1106,0
DA:1116,0
DA:1118,0
DA:1119,0
DA:1120,0
DA:1126,0
DA:1127,0
DA:1133,0
DA:1134,0
DA:1137,0
DA:1141,0
DA:1142,0
DA:1143,0
DA:1144,0
DA:1146,0
DA:1149,0
DA:1150,0
DA:1151,0
DA:1152,0
DA:1154,0
DA:1155,0
DA:1167,0
DA:1168,0
DA:1169,0
DA:1170,0
DA:1173,0
DA:1174,0
DA:1175,0
DA:1178,0
DA:1181,0
DA:1185,0
DA:1192,0
DA:1203,0
DA:1219,0
DA:1220,0
DA:1223,0
DA:1241,0
DA:1245,0
DA:1246,0
DA:1249,0
DA:1251,0
DA:1252,0
DA:1255,0
DA:1259,0
DA:1260,0
DA:1261,0
DA:1262,0
DA:1269,0
DA:1273,0
DA:1275,0
DA:1278,0
DA:1280,0
DA:1285,0
DA:1290,0
DA:1302,0
DA:1307,0
DA:1308,0
DA:1311,0
DA:1315,0
DA:1322,0
DA:1326,0
DA:1354,0
DA:1355,0
DA:1356,0
DA:1357,0
DA:1360,0
DA:1367,0
DA:1369,0
DA:1370,0
DA:1378,0
DA:1381,0
DA:1386,0
DA:1387,0
DA:1389,0
DA:1391,0
DA:1392,0
DA:1394,0
DA:1396,0
DA:1397,0
DA:1398,0
DA:1402,0
DA:1403,0
DA:1404,0
DA:1407,0
DA:1408,0
DA:1409,0
DA:1413,0
DA:1414,0
DA:1422,0
DA:1425,0
DA:1429,0
DA:1431,0
DA:1441,0
DA:1442,0
DA:1450,0
DA:1451,0
DA:1452,0
DA:1453,0
DA:1455,0
DA:1456,0
DA:1457,0
DA:1460,0
DA:1465,0
DA:1466,0
DA:1482,0
DA:1483,0
DA:1484,0
DA:1485,0
DA:1487,0
DA:1488,0
DA:1489,0
DA:1490,0
DA:1492,0
DA:1493,0
DA:1496,0
DA:1500,0
DA:1502,0
DA:1503,0
DA:1505,0
DA:1506,0
DA:1508,0
DA:1509,0
DA:1513,0
DA:1514,0
DA:1516,0
DA:1517,0
DA:1531,0
DA:1532,0
DA:1533,0
DA:1539,0
DA:1547,0
DA:1556,0
DA:1564,0
DA:1566,0
DA:1573,0
DA:1578,0
DA:1579,0
DA:1580,0
DA:1600,0
DA:1601,0
DA:1607,0
DA:1610,0
DA:1611,0
DA:1626,0
DA:1640,0
DA:1641,0
DA:1642,0
DA:1643,0
DA:1675,0
DA:1676,0
DA:1678,0
DA:1679,0
DA:1680,0
DA:1682,0
DA:1689,0
DA:1690,0
DA:1700,0
DA:1707,0
DA:1708,0
DA:1714,0
DA:1715,0
DA:1726,0
DA:1727,0
DA:1731,0
DA:1732,0
DA:1733,0
DA:1736,0
DA:1737,0
DA:1749,0
DA:1758,0
DA:1759,0
DA:1760,0
DA:1761,0
DA:1763,0
DA:1764,0
DA:1769,0
DA:1770,0
DA:1782,0
DA:1788,0
DA:1789,0
DA:1790,0
DA:1791,0
DA:1813,0
DA:1814,0
DA:1822,0
DA:1826,0
DA:1827,0
DA:1829,0
DA:1830,0
DA:1833,0
DA:1835,0
DA:1836,0
DA:1840,0
DA:1842,0
DA:1843,0
DA:1845,0
DA:1850,0
DA:1853,0
DA:1857,0
DA:1859,0
DA:1860,0
DA:1861,0
DA:1862,0
DA:1867,0
DA:1871,0
DA:1879,0
DA:1898,0
DA:1900,0
DA:1908,0
DA:1909,0
DA:1912,0
DA:1913,0
DA:1914,0
DA:1915,0
DA:1918,0
DA:1919,0
DA:1920,0
DA:1922,0
DA:1923,0
DA:1926,0
DA:1931,0
DA:1932,0
DA:1934,0
DA:1938,0
DA:1962,0
DA:1967,0
DA:1969,0
DA:1978,0
DA:1982,0
DA:2014,0
DA:2018,0
DA:2025,0
DA:2035,0
DA:2059,0
DA:2066,0
DA:2067,0
DA:2072,0
DA:2073,0
DA:2074,0
DA:2075,0
DA:2079,0
DA:2083,0
DA:2084,0
DA:2085,0
DA:2086,0
DA:2089,0
DA:2090,0
DA:2091,0
DA:2092,0
DA:2096,0
DA:2101,0
DA:2102,0
DA:2103,0
DA:2104,0
DA:2107,0
DA:2124,0
DA:2125,0
DA:2129,0
DA:2135,0
DA:2137,0
DA:2138,0
DA:2139,0
DA:2140,0
DA:2142,0
DA:2145,0
DA:2146,0
DA:2148,0
DA:2149,0
DA:2152,0
DA:2154,0
DA:2173,0
DA:2174,0
DA:2175,0
DA:2176,0
DA:2182,0
DA:2190,0
DA:2191,0
DA:2193,0
DA:2195,0
DA:2202,0
DA:2219,0
DA:2221,0
DA:2223,0
DA:2239,0
DA:2244,0
DA:2245,0
DA:2246,0
DA:2254,0
DA:2257,0
DA:2258,0
DA:2260,0
DA:2263,0
DA:2265,0
DA:2266,0
DA:2269,0
DA:2270,0
DA:2272,0
DA:2273,0
DA:2301,0
DA:2302,0
DA:2305,0
DA:2306,0
DA:2307,0
DA:2308,0
DA:2311,0
DA:2328,0
DA:2329,0
DA:2331,0
DA:2332,0
DA:2348,0
DA:2349,0
DA:2364,0
DA:2366,0
DA:2367,0
DA:2370,0
DA:2375,0
DA:2376,0
DA:2380,0
DA:2385,0
DA:2386,0
DA:2390,0
DA:2393,0
DA:2394,0
DA:2411,0
DA:2416,0
DA:2448,0
DA:2450,0
DA:2451,0
DA:2454,0
DA:2455,0
DA:2457,0
DA:2458,0
DA:2472,0
DA:2475,0
DA:2476,0
DA:2482,0
DA:2484,0
DA:2485,0
DA:2500,0
DA:2503,0
DA:2504,0
DA:2506,0
DA:2507,0
DA:2522,0
DA:2523,0
DA:2524,0
DA:2528,0
DA:2529,0
DA:2544,0
DA:2545,0
DA:2550,0
DA:2578,0
DA:2579,0
DA:2580,0
DA:2581,0
DA:2584,0
DA:2591,0
DA:2597,0
DA:2598,0
DA:2606,0
DA:2609,0
DA:2614,0
DA:2615,0
DA:2617,0
DA:2619,0
DA:2620,0
DA:2622,0
DA:2624,0
DA:2625,0
DA:2626,0
DA:2630,0
DA:2631,0
DA:2632,0
DA:2635,0
DA:2636,0
DA:2637,0
DA:2641,0
DA:2642,0
DA:2649,0
DA:2651,0
DA:2654,0
DA:2658,0
DA:2660,0
DA:2669,0
DA:2670,0
DA:2678,0
DA:2679,0
DA:2680,0
DA:2681,0
DA:2683,0
DA:2684,0
DA:2685,0
DA:2688,0
DA:2693,0
DA:2694,0
DA:2710,0
DA:2711,0
DA:2712,0
DA:2713,0
DA:2715,0
DA:2716,0
DA:2717,0
DA:2718,0
DA:2720,0
DA:2721,0
DA:2724,0
DA:2728,0
DA:2730,0
DA:2731,0
DA:2733,0
DA:2734,0
DA:2736,0
DA:2737,0
DA:2741,0
DA:2742,0
DA:2744,0
DA:2745,0
DA:2759,0
DA:2760,0
DA:2761,0
DA:2766,0
DA:2769,0
DA:2773,0
DA:2775,0
DA:2785,0
DA:2793,0
DA:2795,0
DA:2802,0
DA:2807,0
DA:2808,0
DA:2809,0
DA:2829,0
DA:2830,0
DA:2836,0
DA:2839,0
DA:2840,0
DA:2855,0
DA:2869,0
DA:2870,0
DA:2871,0
DA:2872,0
DA:2907,0
DA:2909,0
DA:2910,0
DA:2911,0
DA:2914,0
DA:2915,0
DA:2925,0
DA:2926,0
DA:2928,0
DA:2929,0
DA:2937,0
DA:2939,0
DA:2949,0
DA:2964,0
DA:2965,0
DA:2968,0
DA:2969,0
DA:2972,0
DA:2973,0
DA:2981,0
DA:2984,0
DA:2988,0
DA:2990,0
DA:2991,0
DA:2994,0
DA:2995,0
DA:2998,0
DA:2999,0
DA:3000,0
DA:3002,0
DA:3003,0
DA:3006,0
DA:3007,0
DA:3019,0
DA:3021,0
DA:3029,0
DA:3031,0
DA:3032,0
DA:3040,0
DA:3044,0
LF:766
LH:0
BRDA:163,0,0,0
BRDA:163,0,1,0
BRDA:163,1,0,0
BRDA:163,1,1,0
BRDA:165,2,0,0
BRDA:165,2,1,0
BRDA:165,3,0,0
BRDA:165,3,1,0
BRDA:172,4,0,0
BRDA:172,4,1,0
BRDA:200,5,0,0
BRDA:202,6,0,0
BRDA:220,7,0,0
BRDA:247,8,0,0
BRDA:250,9,0,0
BRDA:262,10,0,0
BRDA:262,10,1,0
BRDA:262,10,2,0
BRDA:262,10,3,0
BRDA:271,11,0,0
BRDA:280,12,0,0
BRDA:283,13,0,0
BRDA:283,13,1,0
BRDA:293,14,0,0
BRDA:293,14,1,0
BRDA:312,15,0,0
BRDA:316,16,0,0
BRDA:322,17,0,0
BRDA:329,18,0,0
BRDA:329,18,1,0
BRDA:330,19,0,0
BRDA:330,19,1,0
BRDA:332,20,0,0
BRDA:332,20,1,0
BRDA:332,20,2,0
BRDA:333,21,0,0
BRDA:333,21,1,0
BRDA:343,22,0,0
BRDA:343,22,1,0
BRDA:344,23,0,0
BRDA:368,24,0,0
BRDA:368,24,1,0
BRDA:368,25,0,0
BRDA:368,25,1,0
BRDA:368,25,2,0
BRDA:379,26,0,0
BRDA:426,27,0,0
BRDA:426,27,1,0
BRDA:441,28,0,0
BRDA:441,28,1,0
BRDA:451,29,0,0
BRDA:451,29,1,0
BRDA:460,30,0,0
BRDA:460,30,1,0
BRDA:468,31,0,0
BRDA:491,32,0,0
BRDA:491,32,1,0
BRDA:493,33,0,0
BRDA:493,33,1,0
BRDA:495,34,0,0
BRDA:495,34,1,0
BRDA:503,35,0,0
BRDA:503,35,1,0
BRDA:503,36,0,0
BRDA:503,36,1,0
BRDA:503,36,2,0
BRDA:510,37,0,0
BRDA:533,38,0,0
BRDA:533,38,1,0
BRDA:544,39,0,0
BRDA:549,40,0,0
BRDA:554,41,0,0
BRDA:559,42,0,0
BRDA:609,43,0,0
BRDA:614,44,0,0
BRDA:614,44,1,0
BRDA:656,45,0,0
BRDA:663,46,0,0
BRDA:663,46,1,0
BRDA:665,47,0,0
BRDA:665,47,1,0
BRDA:665,48,0,0
BRDA:665,48,1,0
BRDA:665,48,2,0
BRDA:668,49,0,0
BRDA:668,49,1,0
BRDA:675,50,0,0
BRDA:683,51,0,0
BRDA:683,51,1,0
BRDA:686,52,0,0
BRDA:686,52,1,0
BRDA:699,53,0,0
BRDA:699,53,1,0
BRDA:703,54,0,0
BRDA:703,54,1,0
BRDA:717,55,0,0
BRDA:719,56,0,0
BRDA:719,56,1,0
BRDA:749,57,0,0
BRDA:752,58,0,0
BRDA:756,59,0,0
BRDA:756,60,0,0
BRDA:756,60,1,0
BRDA:761,61,0,0
BRDA:770,62,0,0
BRDA:776,63,0,0
BRDA:783,64,0,0
BRDA:795,65,0,0
BRDA:801,66,0,0
BRDA:801,66,1,0
BRDA:805,67,0,0
BRDA:828,68,0,0
BRDA:842,69,0,0
BRDA:863,70,0,0
BRDA:875,71,0,0
BRDA:882,72,0,0
BRDA:891,73,0,0
BRDA:891,73,1,0
BRDA:895,74,0,0
BRDA:895,74,1,0
BRDA:985,75,0,0
BRDA:985,75,1,0
BRDA:997,76,0,0
BRDA:1019,77,0,0
BRDA:1019,77,1,0
BRDA:1035,78,0,0
BRDA:1052,79,0,0
BRDA:1052,79,1,0
BRDA:1089,80,0,0
BRDA:1089,80,1,0
BRDA:1092,81,0,0
BRDA:1100,82,0,0
BRDA:1113,83,0,0
BRDA:1116,84,0,0
BRDA:1116,84,1,0
BRDA:1119,85,0,0
BRDA:1130,86,0,0
BRDA:1130,86,1,0
BRDA:1133,87,0,0
BRDA:1141,88,0,0
BRDA:1141,88,1,0
BRDA:1150,89,0,0
BRDA:1168,90,0,0
BRDA:1173,91,0,0
BRDA:1178,92,0,0
BRDA:1178,92,1,0
BRDA:1181,93,0,0
BRDA:1181,93,1,0
BRDA:1195,94,0,0
BRDA:1195,94,1,0
BRDA:1196,95,0,0
BRDA:1196,95,1,0
BRDA:1199,96,0,0
BRDA:1199,96,1,0
BRDA:1219,97,0,0
BRDA:1219,98,0,0
BRDA:1219,98,1,0
BRDA:1237,99,0,0
BRDA:1238,100,0,0
BRDA:1239,101,0,0
BRDA:1259,102,0,0
BRDA:1261,103,0,0
BRDA:1285,104,0,0
BRDA:1298,105,0,0
BRDA:1298,105,1,0
BRDA:1307,106,0,0
BRDA:1322,107,0,0
BRDA:1322,107,1,0
BRDA:1357,108,0,0
BRDA:1357,108,1,0
BRDA:1360,109,0,0
BRDA:1360,109,1,0
BRDA:1369,110,0,0
BRDA:1381,111,0,0
BRDA:1381,111,1,0
BRDA:1382,112,0,0
BRDA:1382,112,1,0
BRDA:1382,112,2,0
BRDA:1386,113,0,0
BRDA:1387,114,0,0
BRDA:1387,114,1,0
BRDA:1388,115,0,0
BRDA:1388,115,1,0
BRDA:1396,116,0,0
BRDA:1396,116,1,0
BRDA:1396,117,0,0
BRDA:1396,117,1,0
BRDA:1403,118,0,0
BRDA:1403,118,1,0
BRDA:1408,119,0,0
BRDA:1408,119,1,0
BRDA:1413,120,0,0
BRDA:1425,121,0,0
BRDA:1425,121,1,0
BRDA:1441,122,0,0
BRDA:1455,123,0,0
BRDA:1455,124,0,0
BRDA:1455,124,1,0
BRDA:1455,124,2,0
BRDA:1456,125,0,0
BRDA:1465,126,0,0
BRDA:1469,127,0,0
BRDA:1469,127,1,0
BRDA:1492,128,0,0
BRDA:1496,129,0,0
BRDA:1497,130,0,0
BRDA:1497,130,1,0
BRDA:1502,131,0,0
BRDA:1505,132,0,0
BRDA:1508,133,0,0
BRDA:1516,134,0,0
BRDA:1531,135,0,0
BRDA:1531,135,1,0
BRDA:1532,136,0,0
BRDA:1539,137,0,0
BRDA:1539,137,1,0
BRDA:1566,138,0,0
BRDA:1567,139,0,0
BRDA:1567,139,1,0
BRDA:1578,140,0,0
BRDA:1578,140,1,0
BRDA:1579,141,0,0
BRDA:1591,142,0,0
BRDA:1591,142,1,0
BRDA:1600,143,0,0
BRDA:1607,144,0,0
BRDA:1607,144,1,0
BRDA:1610,145,0,0
BRDA:1647,146,0,0
BRDA:1647,146,1,0
BRDA:1667,147,0,0
BRDA:1678,148,0,0
BRDA:1678,148,1,0
BRDA:1679,149,0,0
BRDA:1679,149,1,0
BRDA:1682,150,0,0
BRDA:1682,150,1,0
BRDA:1689,151,0,0
BRDA:1707,152,0,0
BRDA:1714,153,0,0
BRDA:1726,154,0,0
BRDA:1736,155,0,0
BRDA:1760,156,0,0
BRDA:1763,157,0,0
BRDA:1769,158,0,0
BRDA:1829,159,0,0
BRDA:1833,160,0,0
BRDA:1833,160,1,0
BRDA:1835,161,0,0
BRDA:1840,162,0,0
BRDA:1840,162,1,0
BRDA:1842,163,0,0
BRDA:1842,164,0,0
BRDA:1842,164,1,0
BRDA:1845,165,0,0
BRDA:1846,166,0,0
BRDA:1846,166,1,0
BRDA:1846,166,2,0
BRDA:1879,167,0,0
BRDA:1879,167,1,0
BRDA:1903,168,0,0
BRDA:1903,168,1,0
BRDA:1908,169,0,0
BRDA:1912,170,0,0
BRDA:1922,171,0,0
BRDA:1964,172,0,0
BRDA:1964,172,1,0
BRDA:2059,173,0,0
BRDA:2059,173,1,0
BRDA:2066,174,0,0
BRDA:2072,175,0,0
BRDA:2074,176,0,0
BRDA:2085,177,0,0
BRDA:2089,178,0,0
BRDA:2091,179,0,0
BRDA:2103,180,0,0
BRDA:2137,181,0,0
BRDA:2139,182,0,0
BRDA:2148,183,0,0
BRDA:2174,184,0,0
BRDA:2174,184,1,0
BRDA:2175,185,0,0
BRDA:2177,186,0,0
BRDA:2177,186,1,0
BRDA:2190,187,0,0
BRDA:2190,187,1,0
BRDA:2193,188,0,0
BRDA:2193,188,1,0
BRDA:2204,189,0,0
BRDA:2204,189,1,0
BRDA:2205,190,0,0
BRDA:2205,190,1,0
BRDA:2206,191,0,0
BRDA:2206,191,1,0
BRDA:2210,192,0,0
BRDA:2210,192,1,0
BRDA:2212,193,0,0
BRDA:2212,193,1,0
BRDA:2229,194,0,0
BRDA:2229,194,1,0
BRDA:2241,195,0,0
BRDA:2241,195,1,0
BRDA:2244,196,0,0
BRDA:2245,197,0,0
BRDA:2247,198,0,0
BRDA:2247,198,1,0
BRDA:2255,199,0,0
BRDA:2255,199,1,0
BRDA:2257,200,0,0
BRDA:2265,201,0,0
BRDA:2269,202,0,0
BRDA:2272,203,0,0
BRDA:2274,204,0,0
BRDA:2274,204,1,0
BRDA:2297,205,0,0
BRDA:2301,206,0,0
BRDA:2307,207,0,0
BRDA:2314,208,0,0
BRDA:2314,208,1,0
BRDA:2315,209,0,0
BRDA:2315,209,1,0
BRDA:2317,210,0,0
BRDA:2317,210,1,0
BRDA:2317,210,2,0
BRDA:2318,211,0,0
BRDA:2318,211,1,0
BRDA:2328,212,0,0
BRDA:2328,212,1,0
BRDA:2331,213,0,0
BRDA:2355,214,0,0
BRDA:2355,214,1,0
BRDA:2358,215,0,0
BRDA:2358,215,1,0
BRDA:2366,216,0,0
BRDA:2371,217,0,0
BRDA:2371,217,1,0
BRDA:2385,218,0,0
BRDA:2385,218,1,0
BRDA:2393,219,0,0
BRDA:2450,220,0,0
BRDA:2450,220,1,0
BRDA:2457,221,0,0
BRDA:2475,222,0,0
BRDA:2475,222,1,0
BRDA:2480,223,0,0
BRDA:2480,223,1,0
BRDA:2484,224,0,0
BRDA:2503,225,0,0
BRDA:2503,225,1,0
BRDA:2503,226,0,0
BRDA:2503,226,1,0
BRDA:2503,226,2,0
BRDA:2503,226,3,0
BRDA:2506,227,0,0
BRDA:2528,228,0,0
BRDA:2544,229,0,0
BRDA:2581,230,0,0
BRDA:2581,230,1,0
BRDA:2584,231,0,0
BRDA:2584,231,1,0
BRDA:2597,232,0,0
BRDA:2609,233,0,0
BRDA:2609,233,1,0
BRDA:2610,234,0,0
BRDA:2610,234,1,0
BRDA:2610,234,2,0
BRDA:2614,235,0,0
BRDA:2615,236,0,0
BRDA:2615,236,1,0
BRDA:2616,237,0,0
BRDA:2616,237,1,0
BRDA:2624,238,0,0
BRDA:2624,238,1,0
BRDA:2624,239,0,0
BRDA:2624,239,1,0
BRDA:2631,240,0,0
BRDA:2631,240,1,0
BRDA:2636,241,0,0
BRDA:2636,241,1,0
BRDA:2641,242,0,0
BRDA:2654,243,0,0
BRDA:2654,243,1,0
BRDA:2669,244,0,0
BRDA:2683,245,0,0
BRDA:2683,246,0,0
BRDA:2683,246,1,0
BRDA:2683,246,2,0
BRDA:2684,247,0,0
BRDA:2693,248,0,0
BRDA:2697,249,0,0
BRDA:2697,249,1,0
BRDA:2720,250,0,0
BRDA:2724,251,0,0
BRDA:2725,252,0,0
BRDA:2725,252,1,0
BRDA:2730,253,0,0
BRDA:2733,254,0,0
BRDA:2736,255,0,0
BRDA:2744,256,0,0
BRDA:2759,257,0,0
BRDA:2759,257,1,0
BRDA:2760,258,0,0
BRDA:2769,259,0,0
BRDA:2769,259,1,0
BRDA:2795,260,0,0
BRDA:2796,261,0,0
BRDA:2796,261,1,0
BRDA:2807,262,0,0
BRDA:2807,262,1,0
BRDA:2808,263,0,0
BRDA:2820,264,0,0
BRDA:2820,264,1,0
BRDA:2829,265,0,0
BRDA:2836,266,0,0
BRDA:2836,266,1,0
BRDA:2839,267,0,0
BRDA:2876,268,0,0
BRDA:2876,268,1,0
BRDA:2896,269,0,0
BRDA:2899,270,0,0
BRDA:2901,271,0,0
BRDA:2902,272,0,0
BRDA:2903,273,0,0
BRDA:2904,274,0,0
BRDA:2905,275,0,0
BRDA:2910,276,0,0
BRDA:2914,277,0,0
BRDA:2925,278,0,0
BRDA:2928,279,0,0
BRDA:2945,280,0,0
BRDA:2945,280,1,0
BRDA:2964,281,0,0
BRDA:2964,282,0,0
BRDA:2964,282,1,0
BRDA:2972,283,0,0
BRDA:2981,284,0,0
BRDA:2981,284,1,0
BRDA:2984,285,0,0
BRDA:2984,285,1,0
BRDA:2990,286,0,0
BRDA:2994,287,0,0
BRDA:3002,288,0,0
BRDA:3006,289,0,0
BRDA:3029,290,0,0
BRDA:3029,290,1,0
BRDA:3031,291,0,0
BRDA:101,292,0,0
BRDA:101,292,1,0
BRDA:107,293,0,0
BRDA:107,293,1,0
BRDA:111,294,0,0
BRDA:111,294,1,0
BRDA:114,295,0,0
BRDA:114,295,1,0
BRDA:123,296,0,0
BRDA:140,297,0,0
BRDA:140,297,1,0
BRF:457
BRH:0
end_of_record
TN:
SF:src/hcs-10/tx.ts
FN:12,memoInbound
FN:15,memoOutbound
FN:18,memoConnection
FN:25,memoRegistry
FN:30,analyticsMemo
FN:34,buildHcs10CreateInboundTopicTx
FN:53,buildHcs10CreateOutboundTopicTx
FN:71,buildHcs10CreateConnectionTopicTx
FN:93,buildHcs10CreateRegistryTopicTx
FN:113,buildHcs10SubmitConnectionRequestTx
FN:131,buildHcs10ConfirmConnectionTx
FN:155,buildHcs10OutboundConnectionRequestRecordTx
FN:176,buildHcs10OutboundConnectionCreatedRecordTx
FN:203,buildHcs10SendMessageTx
FN:223,buildHcs10RegistryRegisterTx
FN:241,buildHcs10RegistryDeleteTx
FN:259,buildHcs10RegistryMigrateTx
FNF:17
FNH:0
FNDA:0,memoInbound
FNDA:0,memoOutbound
FNDA:0,memoConnection
FNDA:0,memoRegistry
FNDA:0,analyticsMemo
FNDA:0,buildHcs10CreateInboundTopicTx
FNDA:0,buildHcs10CreateOutboundTopicTx
FNDA:0,buildHcs10CreateConnectionTopicTx
FNDA:0,buildHcs10CreateRegistryTopicTx
FNDA:0,buildHcs10SubmitConnectionRequestTx
FNDA:0,buildHcs10ConfirmConnectionTx
FNDA:0,buildHcs10OutboundConnectionRequestRecordTx
FNDA:0,buildHcs10OutboundConnectionCreatedRecordTx
FNDA:0,buildHcs10SendMessageTx
FNDA:0,buildHcs10RegistryRegisterTx
FNDA:0,buildHcs10RegistryDeleteTx
FNDA:0,buildHcs10RegistryMigrateTx
DA:13,0
DA:16,0
DA:23,0
DA:26,0
DA:31,0
DA:44,0
DA:45,0
DA:62,0
DA:63,0
DA:83,0
DA:85,0
DA:104,0
DA:105,0
DA:118,0
DA:124,0
DA:139,0
DA:148,0
DA:161,0
DA:169,0
DA:185,0
DA:196,0
DA:209,0
DA:216,0
DA:228,0
DA:234,0
DA:246,0
DA:252,0
DA:264,0
DA:270,0
LF:29
LH:0
BRDA:26,0,0,0
BRDA:26,0,1,0
BRDA:44,1,0,0
BRDA:44,1,1,0
BRDA:62,2,0,0
BRDA:62,2,1,0
BRDA:83,3,0,0
BRDA:83,3,1,0
BRDA:104,4,0,0
BRDA:104,4,1,0
BRF:10
BRH:0
end_of_record
TN:
SF:src/hcs-11/agent-builder.ts
FN:40,(anonymous_0)
FN:45,(anonymous_1)
FN:50,(anonymous_2)
FN:58,(anonymous_3)
FN:63,(anonymous_4)
FN:71,(anonymous_5)
FN:80,(anonymous_6)
FN:89,(anonymous_7)
FN:97,(anonymous_8)
FN:105,(anonymous_9)
FN:116,(anonymous_10)
FN:127,(anonymous_11)
FN:132,(anonymous_12)
FN:138,(anonymous_13)
FN:143,(anonymous_14)
FN:148,(anonymous_15)
FN:153,(anonymous_16)
FN:158,(anonymous_17)
FN:163,(anonymous_18)
FN:168,(anonymous_19)
FN:173,(anonymous_20)
FN:178,(anonymous_21)
FN:34,(anonymous_22)
FNF:23
FNH:0
FNDA:0,(anonymous_0)
FNDA:0,(anonymous_1)
FNDA:0,(anonymous_2)
FNDA:0,(anonymous_3)
FNDA:0,(anonymous_4)
FNDA:0,(anonymous_5)
FNDA:0,(anonymous_6)
FNDA:0,(anonymous_7)
FNDA:0,(anonymous_8)
FNDA:0,(anonymous_9)
FNDA:0,(anonymous_10)
FNDA:0,(anonymous_11)
FNDA:0,(anonymous_12)
FNDA:0,(anonymous_13)
FNDA:0,(anonymous_14)
FNDA:0,(anonymous_15)
FNDA:0,(anonymous_16)
FNDA:0,(anonymous_17)
FNDA:0,(anonymous_18)
FNDA:0,(anonymous_19)
FNDA:0,(anonymous_20)
FNDA:0,(anonymous_21)
FNDA:0,(anonymous_22)
DA:31,0
DA:35,0
DA:41,0
DA:42,0
DA:46,0
DA:47,0
DA:51,0
DA:52,0
DA:59,0
DA:60,0
DA:64,0
DA:65,0
DA:72,0
DA:73,0
DA:75,0
DA:77,0
DA:81,0
DA:82,0
DA:84,0
DA:86,0
DA:90,0
DA:91,0
DA:93,0
DA:94,0
DA:98,0
DA:99,0
DA:101,0
DA:102,0
DA:106,0
DA:107,0
DA:109,0
DA:110,0
DA:112,0
DA:113,0
DA:117,0
DA:118,0
DA:120,0
DA:121,0
DA:123,0
DA:124,0
DA:128,0
DA:129,0
DA:133,0
DA:134,0
DA:135,0
DA:139,0
DA:140,0
DA:144,0
DA:145,0
DA:149,0
DA:150,0
DA:154,0
DA:155,0
DA:159,0
DA:160,0
DA:164,0
DA:165,0
DA:169,0
DA:170,0
DA:174,0
DA:175,0
DA:179,0
DA:180,0
DA:183,0
DA:184,0
DA:187,0
DA:188,0
DA:191,0
DA:192,0
DA:195,0
DA:196,0
DA:199,0
DA:200,0
DA:203,0
DA:204,0
DA:205,0
DA:206,0
DA:209,0
DA:213,0
DA:216,0
LF:80
LH:0
BRDA:72,0,0,0
BRDA:72,0,1,0
BRDA:81,1,0,0
BRDA:81,1,1,0
BRDA:90,2,0,0
BRDA:98,3,0,0
BRDA:106,4,0,0
BRDA:109,5,0,0
BRDA:117,6,0,0
BRDA:120,7,0,0
BRDA:179,8,0,0
BRDA:183,9,0,0
BRDA:187,10,0,0
BRDA:187,11,0,0
BRDA:187,11,1,0
BRDA:191,12,0,0
BRDA:195,13,0,0
BRDA:199,14,0,0
BRDA:203,15,0,0
BRDA:203,15,1,0
BRDA:205,16,0,0
BRDA:209,17,0,0
BRDA:210,18,0,0
BRDA:210,18,1,0
BRF:24
BRH:0
end_of_record
TN:
SF:src/hcs-11/client.ts
FN:191,(anonymous_0)
FN:195,(anonymous_1)
FN:199,(anonymous_2)
FN:214,(anonymous_3)
FN:227,(anonymous_4)
FN:255,(anonymous_5)
FN:324,(anonymous_6)
FN:372,(anonymous_7)
FN:382,(anonymous_8)
FN:401,(anonymous_9)
FN:405,(anonymous_10)
FN:420,(anonymous_11)
FN:427,(anonymous_12)
FN:480,(anonymous_13)
FN:520,(anonymous_14)
FN:570,(anonymous_15)
FN:619,(anonymous_16)
FN:675,(anonymous_17)
FN:757,(anonymous_18)
FN:792,(anonymous_19)
FN:831,(anonymous_20)
FN:853,(anonymous_21)
FN:904,(anonymous_22)
FN:934,(anonymous_23)
FN:949,(anonymous_24)
FN:147,(anonymous_25)
FNF:26
FNH:0
FNDA:0,(anonymous_0)
FNDA:0,(anonymous_1)
FNDA:0,(anonymous_2)
FNDA:0,(anonymous_3)
FNDA:0,(anonymous_4)
FNDA:0,(anonymous_5)
FNDA:0,(anonymous_6)
FNDA:0,(anonymous_7)
FNDA:0,(anonymous_8)
FNDA:0,(anonymous_9)
FNDA:0,(anonymous_10)
FNDA:0,(anonymous_11)
FNDA:0,(anonymous_12)
FNDA:0,(anonymous_13)
FNDA:0,(anonymous_14)
FNDA:0,(anonymous_15)
FNDA:0,(anonymous_16)
FNDA:0,(anonymous_17)
FNDA:0,(anonymous_18)
FNDA:0,(anonymous_19)
FNDA:0,(anonymous_20)
FNDA:0,(anonymous_21)
FNDA:0,(anonymous_22)
FNDA:0,(anonymous_23)
FNDA:0,(anonymous_24)
FNDA:0,(anonymous_25)
DA:49,0
DA:54,0
DA:61,0
DA:66,0
DA:73,0
DA:77,0
DA:82,0
DA:87,0
DA:102,0
DA:116,0
DA:122,0
DA:127,0
DA:132,0
DA:148,0
DA:150,0
DA:151,0
DA:152,0
DA:154,0
DA:160,0
DA:165,0
DA:166,0
DA:167,0
DA:168,0
DA:170,0
DA:171,0
DA:172,0
DA:174,0
DA:175,0
DA:178,0
DA:180,0
DA:183,0
DA:186,0
DA:192,0
DA:196,0
DA:200,0
DA:201,0
DA:203,0
DA:204,0
DA:205,0
DA:206,0
DA:208,0
DA:211,0
DA:215,0
DA:216,0
DA:220,0
DA:224,0
DA:241,0
DA:271,0
DA:290,0
DA:291,0
DA:296,0
DA:337,0
DA:351,0
DA:352,0
DA:357,0
DA:376,0
DA:378,0
DA:379,0
DA:382,0
DA:383,0
DA:384,0
DA:386,0
DA:387,0
DA:388,0
DA:389,0
DA:390,0
DA:391,0
DA:392,0
DA:395,0
DA:398,0
DA:402,0
DA:406,0
DA:407,0
DA:408,0
DA:409,0
DA:410,0
DA:411,0
DA:413,0
DA:415,0
DA:416,0
DA:424,0
DA:430,0
DA:431,0
DA:432,0
DA:433,0
DA:434,0
DA:436,0
DA:437,0
DA:443,0
DA:449,0
DA:450,0
DA:453,0
DA:454,0
DA:455,0
DA:456,0
DA:458,0
DA:459,0
DA:465,0
DA:470,0
DA:485,0
DA:486,0
DA:487,0
DA:493,0
DA:495,0
DA:497,0
DA:500,0
DA:501,0
DA:502,0
DA:504,0
DA:521,0
DA:522,0
DA:532,0
DA:535,0
DA:538,0
DA:539,0
DA:540,0
DA:541,0
DA:544,0
DA:547,0
DA:551,0
DA:571,0
DA:572,0
DA:583,0
DA:584,0
DA:587,0
DA:594,0
DA:597,0
DA:600,0
DA:608,0
DA:609,0
DA:623,0
DA:625,0
DA:626,0
DA:632,0
DA:634,0
DA:636,0
DA:637,0
DA:638,0
DA:641,0
DA:649,0
DA:651,0
DA:652,0
DA:656,0
DA:657,0
DA:658,0
DA:660,0
DA:662,0
DA:669,0
DA:677,0
DA:678,0
DA:687,0
DA:691,0
DA:693,0
DA:697,0
DA:706,0
DA:707,0
DA:713,0
DA:718,0
DA:722,0
DA:723,0
DA:730,0
DA:732,0
DA:738,0
DA:745,0
DA:748,0
DA:758,0
DA:759,0
DA:761,0
DA:762,0
DA:763,0
DA:764,0
DA:765,0
DA:766,0
DA:767,0
DA:768,0
DA:769,0
DA:771,0
DA:772,0
DA:776,0
DA:777,0
DA:778,0
DA:783,0
DA:784,0
DA:786,0
DA:796,0
DA:797,0
DA:800,0
DA:802,0
DA:806,0
DA:808,0
DA:813,0
DA:836,0
DA:837,0
DA:843,0
DA:845,0
DA:851,0
DA:854,0
DA:863,0
DA:864,0
DA:867,0
DA:870,0
DA:872,0
DA:873,0
DA:878,0
DA:879,0
DA:882,0
DA:890,0
DA:895,0
DA:907,0
DA:909,0
DA:910,0
DA:913,0
DA:915,0
DA:916,0
DA:917,0
DA:921,0
DA:922,0
DA:925,0
DA:935,0
DA:936,0
DA:938,0
DA:958,0
DA:959,0
DA:963,0
DA:965,0
DA:967,0
DA:968,0
DA:974,0
DA:976,0
DA:978,0
DA:979,0
DA:981,0
DA:982,0
DA:988,0
DA:989,0
DA:991,0
DA:994,0
DA:996,0
DA:997,0
DA:999,0
DA:1000,0
DA:1006,0
DA:1008,0
DA:1009,0
DA:1015,0
DA:1016,0
DA:1017,0
DA:1023,0
DA:1033,0
DA:1036,0
DA:1041,0
DA:1042,0
DA:1043,0
DA:1046,0
DA:1047,0
DA:1048,0
DA:1049,0
DA:1054,0
DA:1063,0
DA:1064,0
DA:1065,0
DA:1067,0
DA:1068,0
DA:1074,0
DA:1075,0
DA:1076,0
DA:1077,0
DA:1082,0
DA:1092,0
DA:1098,0
DA:1099,0
LF:271
LH:0
BRDA:203,0,0,0
BRDA:203,0,1,0
BRDA:203,1,0,0
BRDA:203,1,1,0
BRDA:205,2,0,0
BRDA:205,2,1,0
BRDA:205,3,0,0
BRDA:205,3,1,0
BRDA:215,4,0,0
BRDA:220,5,0,0
BRDA:220,5,1,0
BRDA:290,6,0,0
BRDA:351,7,0,0
BRDA:378,8,0,0
BRDA:386,9,0,0
BRDA:386,9,1,0
BRDA:388,10,0,0
BRDA:388,10,1,0
BRDA:391,11,0,0
BRDA:391,12,0,0
BRDA:391,12,1,0
BRDA:409,13,0,0
BRDA:422,14,0,0
BRDA:431,15,0,0
BRDA:436,16,0,0
BRDA:449,17,0,0
BRDA:458,18,0,0
BRDA:473,19,0,0
BRDA:473,19,1,0
BRDA:495,20,0,0
BRDA:495,20,1,0
BRDA:497,21,0,0
BRDA:497,21,1,0
BRDA:500,22,0,0
BRDA:500,22,1,0
BRDA:501,23,0,0
BRDA:501,23,1,0
BRDA:521,24,0,0
BRDA:521,24,1,0
BRDA:538,25,0,0
BRDA:547,26,0,0
BRDA:547,26,1,0
BRDA:571,27,0,0
BRDA:571,27,1,0
BRDA:583,28,0,0
BRDA:583,28,1,0
BRDA:588,29,0,0
BRDA:588,29,1,0
BRDA:594,30,0,0
BRDA:594,30,1,0
BRDA:614,31,0,0
BRDA:614,31,1,0
BRDA:637,32,0,0
BRDA:677,33,0,0
BRDA:677,33,1,0
BRDA:691,34,0,0
BRDA:691,34,1,0
BRDA:693,35,0,0
BRDA:693,35,1,0
BRDA:706,36,0,0
BRDA:706,36,1,0
BRDA:718,37,0,0
BRDA:719,38,0,0
BRDA:719,38,1,0
BRDA:746,39,0,0
BRDA:746,39,1,0
BRDA:752,40,0,0
BRDA:752,40,1,0
BRDA:758,41,0,0
BRDA:761,42,0,0
BRDA:768,43,0,0
BRDA:768,43,1,0
BRDA:768,44,0,0
BRDA:768,44,1,0
BRDA:777,45,0,0
BRDA:777,46,0,0
BRDA:777,46,1,0
BRDA:810,47,0,0
BRDA:810,47,1,0
BRDA:816,48,0,0
BRDA:816,48,1,0
BRDA:833,49,0,0
BRDA:863,50,0,0
BRDA:872,51,0,0
BRDA:878,52,0,0
BRDA:909,53,0,0
BRDA:916,54,0,0
BRDA:916,55,0,0
BRDA:916,55,1,0
BRDA:921,56,0,0
BRDA:935,57,0,0
BRDA:935,57,1,0
BRDA:967,58,0,0
BRDA:970,59,0,0
BRDA:970,59,1,0
BRDA:978,60,0,0
BRDA:978,60,1,0
BRDA:981,61,0,0
BRDA:989,62,0,0
BRDA:989,62,1,0
BRDA:989,62,2,0
BRDA:999,63,0,0
BRDA:1008,64,0,0
BRDA:1016,65,0,0
BRDA:1027,66,0,0
BRDA:1027,66,1,0
BRDA:1028,67,0,0
BRDA:1028,67,1,0
BRDA:1041,68,0,0
BRDA:1041,68,1,0
BRDA:1048,69,0,0
BRDA:1058,70,0,0
BRDA:1058,70,1,0
BRDA:1059,71,0,0
BRDA:1059,71,1,0
BRDA:1063,72,0,0
BRDA:1063,72,1,0
BRDA:1067,73,0,0
BRDA:1076,74,0,0
BRDA:1086,75,0,0
BRDA:1086,75,1,0
BRDA:1087,76,0,0
BRDA:1087,76,1,0
BRDA:149,77,0,0
BRDA:149,77,1,0
BRDA:155,78,0,0
BRDA:155,78,1,0
BRDA:165,79,0,0
BRDA:166,80,0,0
BRDA:166,80,1,0
BRDA:174,81,0,0
BRF:131
BRH:0
end_of_record
TN:
SF:src/hcs-11/mcp-server-builder.ts
FN:52,(anonymous_0)
FN:62,(anonymous_1)
FN:72,(anonymous_2)
FN:80,(anonymous_3)
FN:89,(anonymous_4)
FN:103,(anonymous_5)
FN:122,(anonymous_6)
FN:135,(anonymous_7)
FN:148,(anonymous_8)
FN:166,(anonymous_9)
FN:180,(anonymous_10)
FN:203,(anonymous_11)
FN:218,(anonymous_12)
FN:241,(anonymous_13)
FN:255,(anonymous_14)
FN:268,(anonymous_15)
FN:281,(anonymous_16)
FN:294,(anonymous_17)
FN:318,(anonymous_18)
FN:343,(anonymous_19)
FN:375,(anonymous_20)
FN:396,(anonymous_21)
FN:397,(anonymous_22)
FN:418,(anonymous_23)
FN:429,(anonymous_24)
FN:440,(anonymous_25)
FN:450,(anonymous_26)
FN:461,(anonymous_27)
FN:475,(anonymous_28)
FN:41,(anonymous_29)
FNF:30
FNH:0
FNDA:0,(anonymous_0)
FNDA:0,(anonymous_1)
FNDA:0,(anonymous_2)
FNDA:0,(anonymous_3)
FNDA:0,(anonymous_4)
FNDA:0,(anonymous_5)
FNDA:0,(anonymous_6)
FNDA:0,(anonymous_7)
FNDA:0,(anonymous_8)
FNDA:0,(anonymous_9)
FNDA:0,(anonymous_10)
FNDA:0,(anonymous_11)
FNDA:0,(anonymous_12)
FNDA:0,(anonymous_13)
FNDA:0,(anonymous_14)
FNDA:0,(anonymous_15)
FNDA:0,(anonymous_16)
FNDA:0,(anonymous_17)
FNDA:0,(anonymous_18)
FNDA:0,(anonymous_19)
FNDA:0,(anonymous_20)
FNDA:0,(anonymous_21)
FNDA:0,(anonymous_22)
FNDA:0,(anonymous_23)
FNDA:0,(anonymous_24)
FNDA:0,(anonymous_25)
FNDA:0,(anonymous_26)
FNDA:0,(anonymous_27)
FNDA:0,(anonymous_28)
FNDA:0,(anonymous_29)
DA:35,0
DA:38,0
DA:42,0
DA:53,0
DA:54,0
DA:63,0
DA:64,0
DA:73,0
DA:74,0
DA:81,0
DA:90,0
DA:91,0
DA:93,0
DA:94,0
DA:104,0
DA:105,0
DA:108,0
DA:113,0
DA:114,0
DA:123,0
DA:124,0
DA:126,0
DA:127,0
DA:136,0
DA:137,0
DA:139,0
DA:140,0
DA:149,0
DA:150,0
DA:153,0
DA:157,0
DA:158,0
DA:167,0
DA:168,0
DA:170,0
DA:171,0
DA:181,0
DA:182,0
DA:185,0
DA:186,0
DA:189,0
DA:194,0
DA:195,0
DA:204,0
DA:205,0
DA:208,0
DA:209,0
DA:219,0
DA:220,0
DA:223,0
DA:224,0
DA:227,0
DA:232,0
DA:233,0
DA:242,0
DA:243,0
DA:246,0
DA:247,0
DA:256,0
DA:257,0
DA:259,0
DA:260,0
DA:269,0
DA:270,0
DA:272,0
DA:273,0
DA:282,0
DA:283,0
DA:285,0
DA:286,0
DA:295,0
DA:296,0
DA:299,0
DA:300,0
DA:319,0
DA:320,0
DA:323,0
DA:329,0
DA:330,0
DA:344,0
DA:345,0
DA:348,0
DA:353,0
DA:354,0
DA:376,0
DA:377,0
DA:380,0
DA:386,0
DA:387,0
DA:397,0
DA:399,0
DA:400,0
DA:405,0
DA:407,0
DA:410,0
DA:419,0
DA:420,0
DA:430,0
DA:431,0
DA:432,0
DA:441,0
DA:442,0
DA:451,0
DA:452,0
DA:462,0
DA:466,0
DA:476,0
DA:477,0
DA:480,0
DA:481,0
DA:484,0
DA:485,0
DA:488,0
DA:489,0
DA:492,0
DA:493,0
DA:496,0
DA:500,0
DA:503,0
DA:504,0
DA:507,0
DA:508,0
DA:511,0
DA:512,0
DA:515,0
DA:516,0
DA:522,0
LF:127
LH:0
BRDA:90,0,0,0
BRDA:104,1,0,0
BRDA:123,2,0,0
BRDA:136,3,0,0
BRDA:149,4,0,0
BRDA:167,5,0,0
BRDA:181,6,0,0
BRDA:185,7,0,0
BRDA:204,8,0,0
BRDA:219,9,0,0
BRDA:223,10,0,0
BRDA:242,11,0,0
BRDA:256,12,0,0
BRDA:269,13,0,0
BRDA:282,14,0,0
BRDA:295,15,0,0
BRDA:319,16,0,0
BRDA:344,17,0,0
BRDA:376,18,0,0
BRDA:399,19,0,0
BRDA:399,19,1,0
BRDA:476,20,0,0
BRDA:480,21,0,0
BRDA:484,22,0,0
BRDA:488,23,0,0
BRDA:492,24,0,0
BRDA:496,25,0,0
BRDA:497,26,0,0
BRDA:497,26,1,0
BRDA:503,27,0,0
BRDA:507,28,0,0
BRDA:511,29,0,0
BRDA:511,30,0,0
BRDA:511,30,1,0
BRDA:515,31,0,0
BRF:35
BRH:0
end_of_record
TN:
SF:src/hcs-11/person-builder.ts
FN:19,(anonymous_0)
FN:24,(anonymous_1)
FN:29,(anonymous_2)
FN:37,(anonymous_3)
FN:41,(anonymous_4)
FN:46,(anonymous_5)
FN:56,(anonymous_6)
FN:61,(anonymous_7)
FN:67,(anonymous_8)
FN:72,(anonymous_9)
FN:80,(anonymous_10)
FN:85,(anonymous_11)
FN:90,(anonymous_12)
FN:97,(anonymous_13)
FN:13,(anonymous_14)
FNF:15
FNH:0
FNDA:0,(anonymous_0)
FNDA:0,(anonymous_1)
FNDA:0,(anonymous_2)
FNDA:0,(anonymous_3)
FNDA:0,(anonymous_4)
FNDA:0,(anonymous_5)
FNDA:0,(anonymous_6)
FNDA:0,(anonymous_7)
FNDA:0,(anonymous_8)
FNDA:0,(anonymous_9)
FNDA:0,(anonymous_10)
FNDA:0,(anonymous_11)
FNDA:0,(anonymous_12)
FNDA:0,(anonymous_13)
FNDA:0,(anonymous_14)
DA:5,0
DA:14,0
DA:20,0
DA:21,0
DA:25,0
DA:26,0
DA:30,0
DA:31,0
DA:38,0
DA:42,0
DA:43,0
DA:45,0
DA:46,0
DA:48,0
DA:49,0
DA:51,0
DA:53,0
DA:57,0
DA:58,0
DA:62,0
DA:63,0
DA:64,0
DA:68,0
DA:69,0
DA:73,0
DA:74,0
DA:76,0
DA:77,0
DA:81,0
DA:82,0
DA:86,0
DA:87,0
DA:91,0
DA:98,0
DA:99,0
DA:102,0
DA:103,0
DA:106,0
DA:107,0
DA:110,0
LF:40
LH:0
BRDA:42,0,0,0
BRDA:48,1,0,0
BRDA:48,1,1,0
BRDA:73,2,0,0
BRDA:98,3,0,0
BRDA:102,4,0,0
BRDA:106,5,0,0
BRDA:106,6,0,0
BRDA:106,6,1,0
BRF:9
BRH:0
end_of_record
TN:
SF:src/hcs-11/types.ts
FN:8,(anonymous_0)
FN:14,(anonymous_1)
FN:19,(anonymous_2)
FN:25,(anonymous_3)
FN:47,(anonymous_4)
FN:66,(anonymous_5)
FN:165,(anonymous_6)
FNF:7
FNH:0
FNDA:0,(anonymous_0)
FNDA:0,(anonymous_1)
FNDA:0,(anonymous_2)
FNDA:0,(anonymous_3)
FNDA:0,(anonymous_4)
FNDA:0,(anonymous_5)
FNDA:0,(anonymous_6)
DA:8,0
DA:14,0
DA:19,0
DA:25,0
DA:47,0
DA:66,0
DA:165,0
DA:270,0
DA:282,0
DA:309,0
LF:10
LH:0
BRF:0
BRH:0
end_of_record
TN:
SF:src/hcs-12/base-client.ts
FN:81,(anonymous_0)
FN:112,(anonymous_1)
FN:126,(anonymous_2)
FN:137,(anonymous_3)
FN:155,(anonymous_4)
FN:176,(anonymous_5)
FN:204,(anonymous_6)
FN:214,(anonymous_7)
FN:237,(anonymous_8)
FN:251,(anonymous_9)
FN:264,(anonymous_10)
FN:277,(anonymous_11)
FN:288,(anonymous_12)
FN:301,(anonymous_13)
FN:320,(anonymous_14)
FN:335,(anonymous_15)
FN:345,(anonymous_16)
FN:352,(anonymous_17)
FN:359,(anonymous_18)
FN:366,(anonymous_19)
FN:59,(anonymous_20)
FNF:21
FNH:0
FNDA:0,(anonymous_0)
FNDA:0,(anonymous_1)
FNDA:0,(anonymous_2)
FNDA:0,(anonymous_3)
FNDA:0,(anonymous_4)
FNDA:0,(anonymous_5)
FNDA:0,(anonymous_6)
FNDA:0,(anonymous_7)
FNDA:0,(anonymous_8)
FNDA:0,(anonymous_9)
FNDA:0,(anonymous_10)
FNDA:0,(anonymous_11)
FNDA:0,(anonymous_12)
FNDA:0,(anonymous_13)
FNDA:0,(anonymous_14)
FNDA:0,(anonymous_15)
FNDA:0,(anonymous_16)
FNDA:0,(anonymous_17)
FNDA:0,(anonymous_18)
FNDA:0,(anonymous_19)
FNDA:0,(anonymous_20)
DA:60,0
DA:62,0
DA:71,0
DA:86,0
DA:87,0
DA:88,0
DA:115,0
DA:116,0
DA:119,0
DA:120,0
DA:127,0
DA:128,0
DA:131,0
DA:141,0
DA:142,0
DA:149,0
DA:159,0
DA:160,0
DA:163,0
DA:164,0
DA:165,0
DA:166,0
DA:167,0
DA:170,0
DA:177,0
DA:178,0
DA:179,0
DA:182,0
DA:189,0
DA:191,0
DA:198,0
DA:205,0
DA:206,0
DA:208,0
DA:215,0
DA:216,0
DA:221,0
DA:225,0
DA:240,0
DA:241,0
DA:244,0
DA:245,0
DA:254,0
DA:255,0
DA:258,0
DA:267,0
DA:268,0
DA:271,0
DA:278,0
DA:279,0
DA:282,0
DA:291,0
DA:292,0
DA:295,0
DA:302,0
DA:304,0
DA:305,0
DA:307,0
DA:308,0
DA:310,0
DA:311,0
DA:314,0
DA:325,0
DA:336,0
DA:337,0
DA:338,0
DA:339,0
DA:346,0
DA:353,0
DA:360,0
DA:367,0
LF:71
LH:0
BRDA:115,0,0,0
BRDA:127,1,0,0
BRDA:141,2,0,0
BRDA:159,3,0,0
BRDA:166,4,0,0
BRDA:166,5,0,0
BRDA:166,5,1,0
BRDA:166,5,2,0
BRDA:177,6,0,0
BRDA:205,7,0,0
BRDA:215,8,0,0
BRDA:216,9,0,0
BRDA:217,10,0,0
BRDA:217,10,1,0
BRDA:217,10,2,0
BRDA:240,11,0,0
BRDA:254,12,0,0
BRDA:267,13,0,0
BRDA:278,14,0,0
BRDA:291,15,0,0
BRDA:304,16,0,0
BRDA:307,17,0,0
BRDA:310,18,0,0
BRDA:63,19,0,0
BRDA:63,19,1,0
BRDA:65,20,0,0
BRDA:65,20,1,0
BRF:27
BRH:0
end_of_record
TN:
SF:src/hcs-12/browser.ts
FN:66,(anonymous_0)
FN:78,(anonymous_1)
FN:84,(anonymous_2)
FN:103,(anonymous_3)
FN:110,(anonymous_4)
FN:117,(anonymous_5)
FN:157,(anonymous_6)
FN:235,(anonymous_7)
FN:244,(anonymous_8)
FN:260,(anonymous_9)
FN:275,(anonymous_10)
FN:291,(anonymous_11)
FN:306,(anonymous_12)
FN:321,(anonymous_13)
FN:335,(anonymous_14)
FN:380,(anonymous_15)
FN:387,(anonymous_16)
FN:394,(anonymous_17)
FN:406,(anonymous_18)
FN:462,(anonymous_19)
FN:485,(anonymous_20)
FN:525,(anonymous_21)
FN:50,(anonymous_22)
FNF:23
FNH:0
FNDA:0,(anonymous_0)
FNDA:0,(anonymous_1)
FNDA:0,(anonymous_2)
FNDA:0,(anonymous_3)
FNDA:0,(anonymous_4)
FNDA:0,(anonymous_5)
FNDA:0,(anonymous_6)
FNDA:0,(anonymous_7)
FNDA:0,(anonymous_8)
FNDA:0,(anonymous_9)
FNDA:0,(anonymous_10)
FNDA:0,(anonymous_11)
FNDA:0,(anonymous_12)
FNDA:0,(anonymous_13)
FNDA:0,(anonymous_14)
FNDA:0,(anonymous_15)
FNDA:0,(anonymous_16)
FNDA:0,(anonymous_17)
FNDA:0,(anonymous_18)
FNDA:0,(anonymous_19)
FNDA:0,(anonymous_20)
FNDA:0,(anonymous_21)
FNDA:0,(anonymous_22)
DA:51,0
DA:53,0
DA:55,0
DA:57,0
DA:67,0
DA:68,0
DA:69,0
DA:71,0
DA:82,0
DA:83,0
DA:84,0
DA:85,0
DA:88,0
DA:89,0
DA:94,0
DA:97,0
DA:104,0
DA:111,0
DA:122,0
DA:124,0
DA:131,0
DA:133,0
DA:140,0
DA:147,0
DA:162,0
DA:164,0
DA:169,0
DA:171,0
DA:177,0
DA:181,0
DA:182,0
DA:183,0
DA:184,0
DA:185,0
DA:186,0
DA:187,0
DA:188,0
DA:192,0
DA:193,0
DA:194,0
DA:195,0
DA:196,0
DA:200,0
DA:204,0
DA:205,0
DA:206,0
DA:208,0
DA:209,0
DA:212,0
DA:213,0
DA:218,0
DA:220,0
DA:221,0
DA:223,0
DA:224,0
DA:226,0
DA:229,0
DA:236,0
DA:237,0
DA:238,0
DA:248,0
DA:254,0
DA:264,0
DA:269,0
DA:279,0
DA:285,0
DA:295,0
DA:300,0
DA:310,0
DA:311,0
DA:314,0
DA:326,0
DA:329,0
DA:340,0
DA:342,0
DA:348,0
DA:353,0
DA:354,0
DA:359,0
DA:360,0
DA:361,0
DA:363,0
DA:369,0
DA:381,0
DA:388,0
DA:395,0
DA:396,0
DA:397,0
DA:399,0
DA:415,0
DA:417,0
DA:419,0
DA:421,0
DA:428,0
DA:440,0
DA:452,0
DA:453,0
DA:456,0
DA:463,0
DA:465,0
DA:466,0
DA:469,0
DA:474,0
DA:479,0
DA:486,0
DA:488,0
DA:489,0
DA:493,0
DA:496,0
DA:498,0
DA:499,0
DA:504,0
DA:509,0
DA:515,0
DA:516,0
DA:526,0
DA:527,0
DA:530,0
DA:532,0
DA:534,0
DA:536,0
DA:537,0
DA:538,0
DA:540,0
DA:541,0
DA:543,0
DA:544,0
DA:546,0
DA:547,0
DA:551,0
DA:558,0
LF:131
LH:0
BRDA:88,0,0,0
BRDA:88,1,0,0
BRDA:88,1,1,0
BRDA:181,2,0,0
BRDA:182,3,0,0
BRDA:182,3,1,0
BRDA:182,4,0,0
BRDA:182,4,1,0
BRDA:186,5,0,0
BRDA:186,6,0,0
BRDA:186,6,1,0
BRDA:192,7,0,0
BRDA:193,8,0,0
BRDA:193,8,1,0
BRDA:193,9,0,0
BRDA:193,9,1,0
BRDA:196,10,0,0
BRDA:197,11,0,0
BRDA:197,11,1,0
BRDA:208,12,0,0
BRDA:218,13,0,0
BRDA:218,13,1,0
BRDA:218,13,2,0
BRDA:310,14,0,0
BRDA:353,15,0,0
BRDA:371,16,0,0
BRDA:371,16,1,0
BRDA:419,17,0,0
BRDA:419,17,1,0
BRDA:431,18,0,0
BRDA:431,18,1,0
BRDA:432,19,0,0
BRDA:432,19,1,0
BRDA:435,20,0,0
BRDA:435,20,1,0
BRDA:452,21,0,0
BRDA:452,22,0,0
BRDA:452,22,1,0
BRDA:465,23,0,0
BRDA:488,24,0,0
BRDA:491,25,0,0
BRDA:491,25,1,0
BRDA:498,26,0,0
BRDA:526,27,0,0
BRDA:538,28,0,0
BRDA:538,28,1,0
BRDA:538,28,2,0
BRF:47
BRH:0
end_of_record
TN:
SF:src/hcs-12/constants.ts
FN:40,getExampleTopics
FNF:1
FNH:0
FNDA:0,getExampleTopics
DA:7,0
DA:31,0
DA:41,0
LF:3
LH:0
BRDA:41,0,0,0
BRDA:41,0,1,0
BRF:2
BRH:0
end_of_record
TN:
SF:src/hcs-12/sdk.ts
FN:92,(anonymous_0)
FN:132,(anonymous_1)
FN:186,(anonymous_2)
FN:202,(anonymous_3)
FN:217,(anonymous_4)
FN:233,(anonymous_5)
FN:249,(anonymous_6)
FN:263,(anonymous_7)
FN:303,(anonymous_8)
FN:310,(anonymous_9)
FN:317,(anonymous_10)
FN:324,(anonymous_11)
FN:381,(anonymous_12)
FN:391,(anonymous_13)
FN:414,(anonymous_14)
FN:451,(anonymous_15)
FN:54,(anonymous_16)
FNF:17
FNH:0
FNDA:0,(anonymous_0)
FNDA:0,(anonymous_1)
FNDA:0,(anonymous_2)
FNDA:0,(anonymous_3)
FNDA:0,(anonymous_4)
FNDA:0,(anonymous_5)
FNDA:0,(anonymous_6)
FNDA:0,(anonymous_7)
FNDA:0,(anonymous_8)
FNDA:0,(anonymous_9)
FNDA:0,(anonymous_10)
FNDA:0,(anonymous_11)
FNDA:0,(anonymous_12)
FNDA:0,(anonymous_13)
FNDA:0,(anonymous_14)
FNDA:0,(anonymous_15)
FNDA:0,(anonymous_16)
DA:55,0
DA:57,0
DA:60,0
DA:61,0
DA:63,0
DA:64,0
DA:66,0
DA:69,0
DA:71,0
DA:72,0
DA:73,0
DA:74,0
DA:75,0
DA:77,0
DA:78,0
DA:82,0
DA:97,0
DA:99,0
DA:106,0
DA:108,0
DA:115,0
DA:122,0
DA:137,0
DA:142,0
DA:144,0
DA:149,0
DA:156,0
DA:157,0
DA:159,0
DA:160,0
DA:163,0
DA:164,0
DA:169,0
DA:171,0
DA:172,0
DA:174,0
DA:175,0
DA:177,0
DA:180,0
DA:190,0
DA:196,0
DA:206,0
DA:211,0
DA:221,0
DA:227,0
DA:237,0
DA:242,0
DA:254,0
DA:257,0
DA:268,0
DA:273,0
DA:276,0
DA:277,0
DA:278,0
DA:279,0
DA:281,0
DA:284,0
DA:286,0
DA:292,0
DA:304,0
DA:311,0
DA:318,0
DA:333,0
DA:335,0
DA:337,0
DA:344,0
DA:355,0
DA:371,0
DA:372,0
DA:375,0
DA:382,0
DA:383,0
DA:385,0
DA:392,0
DA:394,0
DA:395,0
DA:398,0
DA:403,0
DA:408,0
DA:415,0
DA:417,0
DA:418,0
DA:422,0
DA:425,0
DA:427,0
DA:428,0
DA:433,0
DA:438,0
DA:444,0
DA:445,0
DA:452,0
DA:454,0
DA:456,0
DA:458,0
DA:459,0
DA:460,0
DA:462,0
DA:463,0
DA:465,0
DA:466,0
DA:468,0
DA:469,0
DA:473,0
DA:480,0
LF:104
LH:0
BRDA:153,0,0,0
BRDA:153,0,1,0
BRDA:159,1,0,0
BRDA:169,2,0,0
BRDA:169,2,1,0
BRDA:169,2,2,0
BRDA:276,3,0,0
BRDA:276,3,1,0
BRDA:294,4,0,0
BRDA:294,4,1,0
BRDA:335,5,0,0
BRDA:335,5,1,0
BRDA:347,6,0,0
BRDA:347,6,1,0
BRDA:348,7,0,0
BRDA:348,7,1,0
BRDA:351,8,0,0
BRDA:351,8,1,0
BRDA:371,9,0,0
BRDA:371,10,0,0
BRDA:371,10,1,0
BRDA:382,11,0,0
BRDA:394,12,0,0
BRDA:417,13,0,0
BRDA:420,14,0,0
BRDA:420,14,1,0
BRDA:427,15,0,0
BRDA:460,16,0,0
BRDA:460,16,1,0
BRDA:460,16,2,0
BRDA:58,17,0,0
BRDA:58,17,1,0
BRDA:63,18,0,0
BRDA:63,18,1,0
BRDA:66,19,0,0
BRDA:66,19,1,0
BRF:36
BRH:0
end_of_record
TN:
SF:src/hcs-12/tx.ts
FN:22,memoForHcs12
FN:32,buildHcs12CreateRegistryTopicTx
FN:49,buildHcs12SubmitMessageTx
FN:65,buildHcs12RegisterAssemblyTx
FN:75,buildHcs12AddBlockToAssemblyTx
FN:85,buildHcs12AddActionToAssemblyTx
FN:95,buildHcs12UpdateAssemblyTx
FNF:7
FNH:0
FNDA:0,memoForHcs12
FNDA:0,buildHcs12CreateRegistryTopicTx
FNDA:0,buildHcs12SubmitMessageTx
FNDA:0,buildHcs12RegisterAssemblyTx
FNDA:0,buildHcs12AddBlockToAssemblyTx
FNDA:0,buildHcs12AddActionToAssemblyTx
FNDA:0,buildHcs12UpdateAssemblyTx
DA:23,0
DA:28,0
DA:29,0
DA:40,0
DA:41,0
DA:55,0
DA:58,0
DA:69,0
DA:79,0
DA:89,0
DA:99,0
LF:11
LH:0
BRDA:40,0,0,0
BRDA:40,0,1,0
BRDA:55,1,0,0
BRDA:55,1,1,0
BRF:4
BRH:0
end_of_record
TN:
SF:src/hcs-12/types.ts
FN:514,(anonymous_0)
FNF:1
FNH:0
FNDA:0,(anonymous_0)
DA:514,0
LF:1
LH:0
BRF:0
BRH:0
end_of_record
TN:
SF:src/hcs-12/assembly/assembly-engine.ts
FN:77,(anonymous_0)
FN:122,(anonymous_1)
FN:197,(anonymous_2)
FN:222,(anonymous_3)
FN:235,(anonymous_4)
FN:272,(anonymous_5)
FN:302,(anonymous_6)
FN:315,(anonymous_7)
FN:324,(anonymous_8)
FN:332,(anonymous_9)
FN:339,(anonymous_10)
FN:62,(anonymous_11)
FNF:12
FNH:0
FNDA:0,(anonymous_0)
FNDA:0,(anonymous_1)
FNDA:0,(anonymous_2)
FNDA:0,(anonymous_3)
FNDA:0,(anonymous_4)
FNDA:0,(anonymous_5)
FNDA:0,(anonymous_6)
FNDA:0,(anonymous_7)
FNDA:0,(anonymous_8)
FNDA:0,(anonymous_9)
FNDA:0,(anonymous_10)
FNDA:0,(anonymous_11)
DA:57,0
DA:68,0
DA:69,0
DA:70,0
DA:71,0
DA:78,0
DA:80,0
DA:81,0
DA:82,0
DA:83,0
DA:86,0
DA:88,0
DA:89,0
DA:90,0
DA:93,0
DA:100,0
DA:102,0
DA:110,0
DA:112,0
DA:113,0
DA:123,0
DA:127,0
DA:134,0
DA:135,0
DA:136,0
DA:137,0
DA:138,0
DA:145,0
DA:150,0
DA:161,0
DA:162,0
DA:163,0
DA:165,0
DA:166,0
DA:175,0
DA:179,0
DA:191,0
DA:201,0
DA:203,0
DA:207,0
DA:208,0
DA:211,0
DA:212,0
DA:215,0
DA:216,0
DA:217,0
DA:218,0
DA:221,0
DA:222,0
DA:224,0
DA:225,0
DA:232,0
DA:233,0
DA:234,0
DA:235,0
DA:237,0
DA:238,0
DA:247,0
DA:248,0
DA:249,0
DA:255,0
DA:256,0
DA:257,0
DA:263,0
DA:273,0
DA:275,0
DA:276,0
DA:277,0
DA:279,0
DA:280,0
DA:281,0
DA:287,0
DA:289,0
DA:293,0
DA:305,0
DA:306,0
DA:307,0
DA:309,0
DA:318,0
DA:325,0
DA:326,0
DA:333,0
DA:340,0
LF:83
LH:0
BRDA:81,0,0,0
BRDA:89,1,0,0
BRDA:106,2,0,0
BRDA:106,2,1,0
BRDA:107,3,0,0
BRDA:107,3,1,0
BRDA:114,4,0,0
BRDA:114,4,1,0
BRDA:134,5,0,0
BRDA:155,6,0,0
BRDA:155,6,1,0
BRDA:161,7,0,0
BRDA:185,8,0,0
BRDA:185,8,1,0
BRDA:207,9,0,0
BRDA:211,10,0,0
BRDA:215,11,0,0
BRDA:217,12,0,0
BRDA:224,13,0,0
BRDA:232,14,0,0
BRDA:237,15,0,0
BRDA:248,16,0,0
BRDA:256,17,0,0
BRDA:280,18,0,0
BRDA:294,19,0,0
BRDA:294,19,1,0
BRDA:306,20,0,0
BRF:27
BRH:0
end_of_record
TN:
SF:src/hcs-12/builders/action-builder.ts
FN:39,(anonymous_0)
FN:50,(anonymous_1)
FN:58,(anonymous_2)
FN:69,(anonymous_3)
FN:80,(anonymous_4)
FN:91,(anonymous_5)
FN:102,(anonymous_6)
FN:113,(anonymous_7)
FN:124,(anonymous_8)
FN:135,(anonymous_9)
FN:152,(anonymous_10)
FN:163,(anonymous_11)
FN:175,(anonymous_12)
FN:185,(anonymous_13)
FN:195,(anonymous_14)
FN:209,(anonymous_15)
FN:225,(anonymous_16)
FN:246,(anonymous_17)
FN:260,(anonymous_18)
FN:284,(anonymous_19)
FN:297,(anonymous_20)
FN:312,(anonymous_21)
FN:319,(anonymous_22)
FN:326,(anonymous_23)
FN:28,(anonymous_24)
FNF:25
FNH:0
FNDA:0,(anonymous_0)
FNDA:0,(anonymous_1)
FNDA:0,(anonymous_2)
FNDA:0,(anonymous_3)
FNDA:0,(anonymous_4)
FNDA:0,(anonymous_5)
FNDA:0,(anonymous_6)
FNDA:0,(anonymous_7)
FNDA:0,(anonymous_8)
FNDA:0,(anonymous_9)
FNDA:0,(anonymous_10)
FNDA:0,(anonymous_11)
FNDA:0,(anonymous_12)
FNDA:0,(anonymous_13)
FNDA:0,(anonymous_14)
FNDA:0,(anonymous_15)
FNDA:0,(anonymous_16)
FNDA:0,(anonymous_17)
FNDA:0,(anonymous_18)
FNDA:0,(anonymous_19)
FNDA:0,(anonymous_20)
FNDA:0,(anonymous_21)
FNDA:0,(anonymous_22)
FNDA:0,(anonymous_23)
FNDA:0,(anonymous_24)
DA:26,0
DA:29,0
DA:30,0
DA:40,0
DA:41,0
DA:43,0
DA:44,0
DA:51,0
DA:52,0
DA:59,0
DA:60,0
DA:62,0
DA:63,0
DA:70,0
DA:71,0
DA:73,0
DA:74,0
DA:81,0
DA:82,0
DA:84,0
DA:85,0
DA:92,0
DA:93,0
DA:95,0
DA:96,0
DA:103,0
DA:104,0
DA:106,0
DA:107,0
DA:114,0
DA:115,0
DA:117,0
DA:118,0
DA:125,0
DA:126,0
DA:128,0
DA:129,0
DA:136,0
DA:137,0
DA:139,0
DA:140,0
DA:142,0
DA:143,0
DA:145,0
DA:146,0
DA:153,0
DA:154,0
DA:157,0
DA:164,0
DA:168,0
DA:169,0
DA:176,0
DA:177,0
DA:179,0
DA:186,0
DA:187,0
DA:189,0
DA:196,0
DA:197,0
DA:200,0
DA:201,0
DA:202,0
DA:203,0
DA:210,0
DA:212,0
DA:213,0
DA:216,0
DA:217,0
DA:218,0
DA:219,0
DA:227,0
DA:233,0
DA:234,0
DA:237,0
DA:238,0
DA:239,0
DA:240,0
DA:247,0
DA:248,0
DA:250,0
DA:251,0
DA:254,0
DA:265,0
DA:266,0
DA:268,0
DA:269,0
DA:270,0
DA:272,0
DA:274,0
DA:275,0
DA:276,0
DA:278,0
DA:285,0
DA:298,0
DA:299,0
DA:301,0
DA:302,0
DA:304,0
DA:305,0
DA:313,0
DA:320,0
DA:327,0
LF:102
LH:0
BRDA:40,0,0,0
BRDA:59,1,0,0
BRDA:70,2,0,0
BRDA:81,3,0,0
BRDA:92,4,0,0
BRDA:103,5,0,0
BRDA:114,6,0,0
BRDA:125,7,0,0
BRDA:136,8,0,0
BRDA:139,9,0,0
BRDA:142,10,0,0
BRDA:152,11,0,0
BRDA:153,12,0,0
BRDA:176,13,0,0
BRDA:186,14,0,0
BRDA:196,15,0,0
BRDA:202,16,0,0
BRDA:202,16,1,0
BRDA:203,17,0,0
BRDA:203,17,1,0
BRDA:212,18,0,0
BRDA:218,19,0,0
BRDA:218,19,1,0
BRDA:219,20,0,0
BRDA:219,20,1,0
BRDA:227,21,0,0
BRDA:227,21,1,0
BRDA:229,22,0,0
BRDA:229,22,1,0
BRDA:233,23,0,0
BRDA:239,24,0,0
BRDA:239,24,1,0
BRDA:240,25,0,0
BRDA:240,25,1,0
BRDA:247,26,0,0
BRDA:247,26,1,0
BRDA:274,27,0,0
BRDA:275,28,0,0
BRDA:276,29,0,0
BRDA:286,30,0,0
BRDA:286,30,1,0
BRDA:286,30,2,0
BRDA:286,30,3,0
BRDA:286,30,4,0
BRDA:298,31,0,0
BRDA:301,32,0,0
BRDA:304,33,0,0
BRF:47
BRH:0
end_of_record
TN:
SF:src/hcs-12/builders/assembly-builder.ts
FN:47,(anonymous_0)
FN:58,(anonymous_1)
FN:69,(anonymous_2)
FN:80,(anonymous_3)
FN:91,(anonymous_4)
FN:106,(anonymous_5)
FN:114,(anonymous_6)
FN:137,(anonymous_7)
FN:172,(anonymous_8)
FN:187,(anonymous_9)
FN:200,(anonymous_10)
FN:217,(anonymous_11)
FN:224,(anonymous_12)
FN:240,(anonymous_13)
FN:247,(anonymous_14)
FN:254,(anonymous_15)
FN:305,(anonymous_16)
FN:348,(anonymous_17)
FN:350,(anonymous_18)
FN:375,(anonymous_19)
FN:379,(anonymous_20)
FN:383,(anonymous_21)
FN:391,(anonymous_22)
FN:398,(anonymous_23)
FN:40,(anonymous_24)
FNF:25
FNH:0
FNDA:0,(anonymous_0)
FNDA:0,(anonymous_1)
FNDA:0,(anonymous_2)
FNDA:0,(anonymous_3)
FNDA:0,(anonymous_4)
FNDA:0,(anonymous_5)
FNDA:0,(anonymous_6)
FNDA:0,(anonymous_7)
FNDA:0,(anonymous_8)
FNDA:0,(anonymous_9)
FNDA:0,(anonymous_10)
FNDA:0,(anonymous_11)
FNDA:0,(anonymous_12)
FNDA:0,(anonymous_13)
FNDA:0,(anonymous_14)
FNDA:0,(anonymous_15)
FNDA:0,(anonymous_16)
FNDA:0,(anonymous_17)
FNDA:0,(anonymous_18)
FNDA:0,(anonymous_19)
FNDA:0,(anonymous_20)
FNDA:0,(anonymous_21)
FNDA:0,(anonymous_22)
FNDA:0,(anonymous_23)
FNDA:0,(anonymous_24)
DA:26,0
DA:30,0
DA:35,0
DA:41,0
DA:48,0
DA:49,0
DA:51,0
DA:52,0
DA:59,0
DA:60,0
DA:62,0
DA:63,0
DA:70,0
DA:71,0
DA:72,0
DA:74,0
DA:81,0
DA:82,0
DA:83,0
DA:85,0
DA:92,0
DA:93,0
DA:95,0
DA:96,0
DA:98,0
DA:99,0
DA:100,0
DA:107,0
DA:108,0
DA:115,0
DA:116,0
DA:118,0
DA:119,0
DA:122,0
DA:129,0
DA:130,0
DA:138,0
DA:140,0
DA:141,0
DA:144,0
DA:145,0
DA:147,0
DA:149,0
DA:150,0
DA:151,0
DA:152,0
DA:157,0
DA:165,0
DA:166,0
DA:173,0
DA:180,0
DA:181,0
DA:188,0
DA:189,0
DA:191,0
DA:192,0
DA:194,0
DA:201,0
DA:205,0
DA:206,0
DA:208,0
DA:209,0
DA:211,0
DA:218,0
DA:225,0
DA:229,0
DA:230,0
DA:234,0
DA:241,0
DA:248,0
DA:255,0
DA:256,0
DA:258,0
DA:259,0
DA:261,0
DA:267,0
DA:269,0
DA:276,0
DA:278,0
DA:279,0
DA:281,0
DA:282,0
DA:284,0
DA:288,0
DA:306,0
DA:308,0
DA:309,0
DA:311,0
DA:312,0
DA:314,0
DA:318,0
DA:321,0
DA:322,0
DA:323,0
DA:324,0
DA:325,0
DA:327,0
DA:330,0
DA:331,0
DA:336,0
DA:337,0
DA:339,0
DA:340,0
DA:341,0
DA:346,0
DA:347,0
DA:348,0
DA:350,0
DA:352,0
DA:353,0
DA:354,0
DA:357,0
DA:358,0
DA:366,0
DA:376,0
DA:380,0
DA:384,0
DA:392,0
DA:401,0
DA:403,0
DA:404,0
DA:405,0
DA:406,0
DA:409,0
LF:124
LH:0
BRDA:48,0,0,0
BRDA:59,1,0,0
BRDA:71,2,0,0
BRDA:82,3,0,0
BRDA:92,4,0,0
BRDA:95,5,0,0
BRDA:118,6,0,0
BRDA:140,7,0,0
BRDA:149,8,0,0
BRDA:149,9,0,0
BRDA:149,9,1,0
BRDA:151,10,0,0
BRDA:161,11,0,0
BRDA:161,11,1,0
BRDA:188,12,0,0
BRDA:191,13,0,0
BRDA:205,14,0,0
BRDA:208,15,0,0
BRDA:259,16,0,0
BRDA:259,16,1,0
BRDA:259,16,2,0
BRDA:278,17,0,0
BRDA:281,18,0,0
BRDA:308,19,0,0
BRDA:311,20,0,0
BRDA:314,21,0,0
BRDA:315,22,0,0
BRDA:315,22,1,0
BRDA:323,23,0,0
BRDA:323,23,1,0
[...]
BRDA:442,92,1,0
BRDA:446,93,0,0
BRDA:446,94,0,0
BRDA:446,94,1,0
BRDA:457,95,0,0
BRDA:459,96,0,0
BRDA:461,97,0,0
BRDA:461,97,1,0
BRDA:462,98,0,0
BRDA:462,98,1,0
BRDA:463,99,0,0
BRDA:463,99,1,0
BRDA:466,100,0,0
BRDA:469,101,0,0
BRDA:472,102,0,0
BRDA:474,103,0,0
BRDA:474,103,1,0
BRDA:475,104,0,0
BRDA:475,104,1,0
BRDA:476,105,0,0
BRDA:476,105,1,0
BRDA:486,106,0,0
BRDA:488,107,0,0
BRDA:488,107,1,0
BRDA:489,108,0,0
BRDA:489,108,1,0
BRDA:490,109,0,0
BRDA:490,109,1,0
BRDA:493,110,0,0
BRDA:498,111,0,0
BRDA:501,112,0,0
BRDA:512,113,0,0
BRDA:514,114,0,0
BRDA:516,115,0,0
BRDA:516,115,1,0
BRDA:517,116,0,0
BRDA:517,116,1,0
BRDA:518,117,0,0
BRDA:518,117,1,0
BRDA:521,118,0,0
BRDA:521,119,0,0
BRDA:521,119,1,0
BRDA:523,120,0,0
BRDA:523,120,1,0
BRDA:525,121,0,0
BRDA:525,121,1,0
BRDA:526,122,0,0
BRDA:526,122,1,0
BRDA:527,123,0,0
BRDA:527,123,1,0
BRDA:532,124,0,0
BRDA:532,124,1,0
BRDA:534,125,0,0
BRDA:534,125,1,0
BRDA:539,126,0,0
BRDA:539,126,1,0
BRDA:540,127,0,0
BRDA:540,127,1,0
BRDA:542,128,0,0
BRDA:542,128,1,0
BRDA:543,129,0,0
BRDA:543,129,1,0
BRDA:544,130,0,0
BRDA:544,130,1,0
BRDA:549,131,0,0
BRDA:549,131,1,0
BRDA:555,132,0,0
BRDA:555,132,1,0
BRDA:558,133,0,0
BRDA:558,133,1,0
BRDA:561,134,0,0
BRDA:561,134,1,0
BRDA:564,135,0,0
BRDA:564,135,1,0
BRDA:566,136,0,0
BRDA:566,136,1,0
BRDA:569,137,0,0
BRDA:571,138,0,0
BRDA:574,139,0,0
BRDA:574,139,1,0
BRDA:576,140,0,0
BRDA:576,140,1,0
BRDA:579,141,0,0
BRDA:579,141,1,0
BRDA:581,142,0,0
BRDA:581,142,1,0
BRDA:583,143,0,0
BRDA:583,143,1,0
BRDA:594,144,0,0
BRDA:594,144,1,0
BRDA:597,145,0,0
BRDA:597,145,1,0
BRDA:616,146,0,0
BRDA:618,147,0,0
BRDA:620,148,0,0
BRDA:620,148,1,0
BRDA:621,149,0,0
BRDA:621,149,1,0
BRDA:622,150,0,0
BRDA:622,150,1,0
BRDA:625,151,0,0
BRDA:627,152,0,0
BRDA:627,152,1,0
BRDA:628,153,0,0
BRDA:628,153,1,0
BRDA:629,154,0,0
BRDA:629,154,1,0
BRDA:638,155,0,0
BRDA:640,156,0,0
BRDA:642,157,0,0
BRDA:642,157,1,0
BRDA:643,158,0,0
BRDA:643,158,1,0
BRDA:644,159,0,0
BRDA:644,159,1,0
BRDA:647,160,0,0
BRDA:649,161,0,0
BRDA:649,161,1,0
BRDA:650,162,0,0
BRDA:650,162,1,0
BRDA:651,163,0,0
BRDA:651,163,1,0
BRDA:660,164,0,0
BRDA:662,165,0,0
BRDA:664,166,0,0
BRDA:664,166,1,0
BRDA:665,167,0,0
BRDA:665,167,1,0
BRDA:666,168,0,0
BRDA:666,168,1,0
BRDA:669,169,0,0
BRDA:671,170,0,0
BRDA:671,170,1,0
BRDA:672,171,0,0
BRDA:672,171,1,0
BRDA:673,172,0,0
BRDA:673,172,1,0
BRDA:682,173,0,0
BRDA:684,174,0,0
BRDA:686,175,0,0
BRDA:686,175,1,0
BRDA:687,176,0,0
BRDA:687,176,1,0
BRDA:688,177,0,0
BRDA:688,177,1,0
BRDA:691,178,0,0
BRDA:693,179,0,0
BRDA:693,179,1,0
BRDA:694,180,0,0
BRDA:694,180,1,0
BRDA:695,181,0,0
BRDA:695,181,1,0
BRDA:704,182,0,0
BRDA:706,183,0,0
BRDA:708,184,0,0
BRDA:708,184,1,0
BRDA:709,185,0,0
BRDA:709,185,1,0
BRDA:710,186,0,0
BRDA:710,186,1,0
BRDA:719,187,0,0
BRDA:721,188,0,0
BRDA:723,189,0,0
BRDA:723,189,1,0
BRDA:724,190,0,0
BRDA:724,190,1,0
BRDA:725,191,0,0
BRDA:725,191,1,0
BRDA:734,192,0,0
BRDA:736,193,0,0
BRDA:738,194,0,0
BRDA:738,194,1,0
BRDA:739,195,0,0
BRDA:739,195,1,0
BRDA:740,196,0,0
BRDA:740,196,1,0
BRDA:743,197,0,0
BRDA:745,198,0,0
BRDA:745,198,1,0
BRDA:746,199,0,0
BRDA:746,199,1,0
BRDA:747,200,0,0
BRDA:747,200,1,0
BRDA:750,201,0,0
BRDA:750,202,0,0
BRDA:750,202,1,0
BRDA:755,203,0,0
BRDA:764,204,0,0
BRDA:766,205,0,0
BRDA:768,206,0,0
BRDA:768,206,1,0
BRDA:769,207,0,0
BRDA:769,207,1,0
BRDA:770,208,0,0
BRDA:770,208,1,0
BRDA:779,209,0,0
BRDA:781,210,0,0
BRDA:783,211,0,0
BRDA:783,211,1,0
BRDA:784,212,0,0
BRDA:784,212,1,0
BRDA:785,213,0,0
BRDA:785,213,1,0
BRDA:788,214,0,0
BRDA:788,215,0,0
BRDA:788,215,1,0
BRDA:791,216,0,0
BRDA:791,216,1,0
BRDA:792,217,0,0
BRDA:792,217,1,0
BRDA:793,218,0,0
BRDA:793,218,1,0
BRDA:803,219,0,0
BRDA:805,220,0,0
BRDA:807,221,0,0
BRDA:807,221,1,0
BRDA:808,222,0,0
BRDA:808,222,1,0
BRDA:809,223,0,0
BRDA:809,223,1,0
BRDA:812,224,0,0
BRDA:812,225,0,0
BRDA:812,225,1,0
BRDA:815,226,0,0
BRDA:815,226,1,0
BRDA:816,227,0,0
BRDA:816,227,1,0
BRDA:817,228,0,0
BRDA:817,228,1,0
BRDA:834,229,0,0
BRDA:838,230,0,0
BRDA:838,230,1,0
BRDA:840,231,0,0
BRDA:840,231,1,0
BRDA:841,232,0,0
BRDA:841,232,1,0
BRDA:842,233,0,0
BRDA:842,233,1,0
BRDA:843,234,0,0
BRDA:843,234,1,0
BRDA:851,235,0,0
BRDA:853,236,0,0
BRDA:870,237,0,0
BRDA:870,237,1,0
BRDA:872,238,0,0
BRDA:875,239,0,0
BRDA:875,239,1,0
BRDA:876,240,0,0
BRDA:876,240,1,0
BRDA:877,241,0,0
BRDA:877,241,1,0
BRDA:878,242,0,0
BRDA:878,242,1,0
BRDA:898,243,0,0
BRDA:900,244,0,0
BRDA:900,244,1,0
BRDA:902,245,0,0
BRDA:902,245,1,0
BRDA:903,246,0,0
BRDA:903,246,1,0
BRDA:904,247,0,0
BRDA:904,247,1,0
BRDA:909,248,0,0
BRDA:911,249,0,0
BRDA:911,249,1,0
BRDA:913,250,0,0
BRDA:913,250,1,0
BRDA:914,251,0,0
BRDA:914,251,1,0
BRDA:915,252,0,0
BRDA:915,252,1,0
BRDA:920,253,0,0
BRDA:920,253,1,0
BRDA:921,254,0,0
BRDA:921,254,1,0
BRDA:932,255,0,0
BRDA:932,255,1,0
BRDA:973,256,0,0
BRDA:973,257,0,0
BRDA:973,257,1,0
BRDA:975,258,0,0
BRDA:975,258,1,0
BRDA:976,259,0,0
BRDA:976,259,1,0
BRDA:977,260,0,0
BRDA:977,260,1,0
BRDA:978,261,0,0
BRDA:978,261,1,0
BRDA:979,262,0,0
BRDA:979,262,1,0
BRDA:982,263,0,0
BRDA:986,264,0,0
BRDA:987,265,0,0
BRDA:987,265,1,0
BRDA:992,266,0,0
BRDA:993,267,0,0
BRDA:993,267,1,0
BRDA:998,268,0,0
BRDA:1002,269,0,0
BRDA:1006,270,0,0
BRDA:1010,271,0,0
BRDA:1014,272,0,0
BRDA:1018,273,0,0
BRDA:1022,274,0,0
BRDA:1026,275,0,0
BRDA:1030,276,0,0
BRDA:1034,277,0,0
BRDA:1038,278,0,0
BRDA:1040,279,0,0
BRDA:1040,279,1,0
BRDA:1044,280,0,0
BRDA:1046,281,0,0
BRDA:1046,281,1,0
BRDA:1050,282,0,0
BRDA:1051,283,0,0
BRDA:1051,283,1,0
BRDA:1051,283,2,0
BRDA:1058,284,0,0
BRDA:1058,284,1,0
BRDA:1062,285,0,0
BRDA:1062,285,1,0
BRDA:1065,286,0,0
BRDA:1065,286,1,0
BRDA:1069,287,0,0
BRDA:1069,287,1,0
BRDA:1072,288,0,0
BRDA:1072,288,1,0
BRDA:1073,289,0,0
BRDA:1073,289,1,0
BRDA:1075,290,0,0
BRDA:1075,290,1,0
BRDA:1077,291,0,0
BRDA:1077,291,1,0
BRDA:1078,292,0,0
BRDA:1078,292,1,0
BRDA:1080,293,0,0
BRDA:1083,294,0,0
BRDA:1083,294,1,0
BRDA:1084,295,0,0
BRDA:1084,295,1,0
BRDA:1085,296,0,0
BRDA:1085,296,1,0
BRDA:1088,297,0,0
BRDA:1088,297,1,0
BRDA:1097,298,0,0
BRDA:1097,298,1,0
BRDA:1130,299,0,0
BRDA:1130,300,0,0
BRDA:1130,300,1,0
BRDA:1132,301,0,0
BRDA:1132,301,1,0
BRDA:1133,302,0,0
BRDA:1133,302,1,0
BRDA:1134,303,0,0
BRDA:1134,303,1,0
BRDA:1135,304,0,0
BRDA:1135,304,1,0
BRDA:1136,305,0,0
BRDA:1136,305,1,0
BRDA:1162,306,0,0
BRDA:1162,306,1,0
BRDA:1163,307,0,0
BRDA:1165,308,0,0
BRDA:1165,309,0,0
BRDA:1165,309,1,0
BRDA:1168,310,0,0
BRDA:1168,310,1,0
BRDA:1168,311,0,0
BRDA:1168,311,1,0
BRDA:1170,312,0,0
BRDA:1171,313,0,0
BRDA:1171,313,1,0
BRDA:1177,314,0,0
BRDA:1182,315,0,0
BRDA:1183,316,0,0
BRDA:1187,317,0,0
BRDA:1195,318,0,0
BRDA:1197,319,0,0
BRDA:1205,320,0,0
BRDA:1207,321,0,0
BRDA:1215,322,0,0
BRDA:1217,323,0,0
BRDA:1225,324,0,0
BRDA:1227,325,0,0
BRDA:1235,326,0,0
BRDA:1239,327,0,0
BRDA:1247,328,0,0
BRDA:1251,329,0,0
BRDA:1259,330,0,0
BRDA:1263,331,0,0
BRDA:1271,332,0,0
BRDA:1273,333,0,0
BRDA:1281,334,0,0
BRDA:1285,335,0,0
BRDA:1293,336,0,0
BRDA:1297,337,0,0
BRDA:1309,338,0,0
BRDA:1311,339,0,0
BRDA:1319,340,0,0
BRDA:1323,341,0,0
BRDA:1331,342,0,0
BRDA:1335,343,0,0
BRDA:1343,344,0,0
BRDA:1347,345,0,0
BRDA:1355,346,0,0
BRDA:1359,347,0,0
BRDA:1373,348,0,0
BRDA:1380,349,0,0
BRDA:1387,350,0,0
BRF:548
BRH:0
end_of_record
TN:
SF:src/utils/parsers/parser-utils.ts
FN:5,parseKey
FN:28,(anonymous_1)
FN:33,(anonymous_2)
FN:57,extractTransactionBody
FN:96,hasTransactionType
FNF:5
FNH:0
FNDA:0,parseKey
FNDA:0,(anonymous_1)
FNDA:0,(anonymous_2)
FNDA:0,extractTransactionBody
FNDA:0,hasTransactionType
DA:8,0
DA:9,0
DA:12,0
DA:13,0
DA:19,0
DA:20,0
DA:22,0
DA:23,0
DA:27,0
DA:28,0
DA:29,0
DA:31,0
DA:32,0
DA:33,0
DA:35,0
DA:39,0
DA:40,0
DA:46,0
DA:47,0
DA:50,0
DA:60,0
DA:61,0
DA:62,0
DA:63,0
DA:66,0
DA:67,0
DA:68,0
DA:71,0
DA:73,0
DA:74,0
DA:77,0
DA:78,0
DA:81,0
DA:82,0
DA:86,0
DA:88,0
DA:100,0
DA:101,0
LF:38
LH:0
BRDA:8,0,0,0
BRDA:12,1,0,0
BRDA:14,2,0,0
BRDA:14,2,1,0
BRDA:15,3,0,0
BRDA:15,3,1,0
BRDA:16,4,0,0
BRDA:16,4,1,0
BRDA:19,5,0,0
BRDA:22,6,0,0
BRDA:27,7,0,0
BRDA:31,8,0,0
BRDA:39,9,0,0
BRDA:41,10,0,0
BRDA:41,10,1,0
BRDA:42,11,0,0
BRDA:42,11,1,0
BRDA:43,12,0,0
BRDA:43,12,1,0
BRDA:46,13,0,0
BRDA:61,14,0,0
BRDA:61,14,1,0
BRDA:62,15,0,0
BRDA:67,16,0,0
BRDA:67,17,0,0
BRDA:67,17,1,0
BRDA:73,18,0,0
BRDA:73,19,0,0
BRDA:73,19,1,0
BRDA:77,20,0,0
BRDA:77,21,0,0
BRDA:77,21,1,0
BRDA:81,22,0,0
BRDA:101,23,0,0
BRDA:101,23,1,0
BRF:35
BRH:0
end_of_record
TN:
SF:src/utils/parsers/schedule-parser.ts
FN:34,(anonymous_0)
FN:92,(anonymous_1)
FN:141,(anonymous_2)
FN:210,(anonymous_3)
FN:257,(anonymous_4)
FN:278,(anonymous_5)
FN:300,(anonymous_6)
FN:316,(anonymous_7)
FN:330,(anonymous_8)
FN:345,(anonymous_9)
FN:377,(anonymous_10)
FN:391,(anonymous_11)
FN:423,(anonymous_12)
FNF:13
FNH:0
FNDA:0,(anonymous_0)
FNDA:0,(anonymous_1)
FNDA:0,(anonymous_2)
FNDA:0,(anonymous_3)
FNDA:0,(anonymous_4)
FNDA:0,(anonymous_5)
FNDA:0,(anonymous_6)
FNDA:0,(anonymous_7)
FNDA:0,(anonymous_8)
FNDA:0,(anonymous_9)
FNDA:0,(anonymous_10)
FNDA:0,(anonymous_11)
FNDA:0,(anonymous_12)
DA:45,0
DA:46,0
DA:47,0
DA:48,0
DA:49,0
DA:51,0
DA:52,0
DA:53,0
DA:55,0
DA:56,0
DA:57,0
DA:61,0
DA:64,0
DA:65,0
DA:69,0
DA:70,0
DA:71,0
DA:72,0
DA:79,0
DA:81,0
DA:97,0
DA:98,0
DA:101,0
DA:102,0
DA:110,0
DA:111,0
DA:112,0
DA:113,0
DA:121,0
DA:122,0
DA:125,0
DA:126,0
DA:134,0
DA:146,0
DA:147,0
DA:158,0
DA:159,0
DA:170,0
DA:177,0
DA:178,0
DA:182,0
DA:189,0
DA:190,0
DA:194,0
DA:201,0
DA:203,0
DA:213,0
DA:215,0
DA:217,0
DA:218,0
DA:221,0
DA:225,0
DA:226,0
DA:229,0
DA:230,0
DA:233,0
DA:234,0
DA:241,0
DA:242,0
DA:247,0
DA:248,0
DA:251,0
DA:260,0
DA:262,0
DA:264,0
DA:265,0
DA:272,0
DA:281,0
DA:283,0
DA:285,0
DA:286,0
DA:293,0
DA:303,0
DA:304,0
DA:305,0
DA:307,0
DA:308,0
DA:317,0
DA:318,0
DA:319,0
DA:321,0
DA:322,0
DA:333,0
DA:334,0
DA:335,0
DA:337,0
DA:338,0
DA:349,0
DA:350,0
DA:352,0
DA:353,0
DA:359,0
DA:360,0
DA:361,0
DA:367,0
DA:369,0
DA:378,0
DA:381,0
DA:382,0
DA:383,0
DA:385,0
DA:388,0
DA:390,0
DA:392,0
DA:398,0
DA:399,0
DA:409,0
DA:411,0
DA:415,0
DA:428,0
LF:110
LH:0
BRDA:46,0,0,0
BRDA:46,1,0,0
BRDA:46,1,1,0
BRDA:48,2,0,0
BRDA:48,2,1,0
BRDA:51,3,0,0
BRDA:51,4,0,0
BRDA:51,4,1,0
BRDA:55,5,0,0
BRDA:55,5,1,0
BRDA:55,6,0,0
BRDA:55,6,1,0
BRDA:57,7,0,0
BRDA:58,8,0,0
BRDA:58,8,1,0
BRDA:64,9,0,0
BRDA:69,10,0,0
BRDA:71,11,0,0
BRDA:71,12,0,0
BRDA:71,12,1,0
BRDA:97,13,0,0
BRDA:101,14,0,0
BRDA:110,15,0,0
BRDA:112,16,0,0
BRDA:121,17,0,0
BRDA:125,18,0,0
BRDA:158,19,0,0
BRDA:164,20,0,0
BRDA:164,20,1,0
BRDA:167,21,0,0
BRDA:167,21,1,0
BRDA:177,22,0,0
BRDA:189,23,0,0
BRDA:213,24,0,0
BRDA:217,25,0,0
BRDA:225,26,0,0
BRDA:229,27,0,0
BRDA:233,28,0,0
BRDA:235,29,0,0
BRDA:235,29,1,0
BRDA:236,30,0,0
BRDA:236,30,1,0
BRDA:237,31,0,0
BRDA:237,31,1,0
BRDA:241,32,0,0
BRDA:244,33,0,0
BRDA:244,33,1,0
BRDA:247,34,0,0
BRDA:260,35,0,0
BRDA:264,36,0,0
BRDA:266,37,0,0
BRDA:266,37,1,0
BRDA:267,38,0,0
BRDA:267,38,1,0
BRDA:268,39,0,0
BRDA:268,39,1,0
BRDA:281,40,0,0
BRDA:285,41,0,0
BRDA:287,42,0,0
BRDA:287,42,1,0
BRDA:288,43,0,0
BRDA:288,43,1,0
BRDA:289,44,0,0
BRDA:289,44,1,0
BRDA:305,45,0,0
BRDA:305,45,1,0
BRDA:319,46,0,0
BRDA:319,46,1,0
BRDA:335,47,0,0
BRDA:335,47,1,0
BRDA:352,48,0,0
BRDA:360,49,0,0
BRDA:360,50,0,0
BRDA:360,50,1,0
BRDA:363,51,0,0
BRDA:363,51,1,0
BRDA:381,52,0,0
BRDA:381,52,1,0
BRDA:392,53,0,0
BRDA:392,53,1,0
BRDA:392,53,2,0
BRDA:398,54,0,0
BRF:82
BRH:0
end_of_record
TN:
SF:src/utils/parsers/scs-parser.ts
FN:31,(anonymous_0)
FN:90,(anonymous_1)
FN:165,(anonymous_2)
FN:326,(anonymous_3)
FN:361,(anonymous_4)
FN:386,(anonymous_5)
FN:411,(anonymous_6)
FN:469,(anonymous_7)
FN:552,(anonymous_8)
FN:584,(anonymous_9)
FNF:10
FNH:0
FNDA:0,(anonymous_0)
FNDA:0,(anonymous_1)
FNDA:0,(anonymous_2)
FNDA:0,(anonymous_3)
FNDA:0,(anonymous_4)
FNDA:0,(anonymous_5)
FNDA:0,(anonymous_6)
FNDA:0,(anonymous_7)
FNDA:0,(anonymous_8)
FNDA:0,(anonymous_9)
DA:43,0
DA:44,0
DA:45,0
DA:46,0
DA:47,0
DA:49,0
DA:50,0
DA:51,0
DA:53,0
DA:54,0
DA:55,0
DA:59,0
DA:62,0
DA:63,0
DA:67,0
DA:68,0
DA:69,0
DA:70,0
DA:77,0
DA:79,0
DA:95,0
DA:96,0
DA:97,0
DA:98,0
DA:106,0
DA:107,0
DA:110,0
DA:111,0
DA:119,0
DA:120,0
DA:123,0
DA:124,0
DA:132,0
DA:133,0
DA:136,0
DA:137,0
DA:145,0
DA:146,0
DA:149,0
DA:150,0
DA:158,0
DA:170,0
DA:171,0
DA:192,0
DA:193,0
DA:202,0
DA:203,0
DA:206,0
DA:207,0
DA:210,0
DA:217,0
DA:218,0
DA:223,0
DA:224,0
DA:225,0
DA:226,0
DA:227,0
DA:228,0
DA:231,0
DA:232,0
DA:237,0
DA:238,0
DA:239,0
DA:240,0
DA:243,0
DA:244,0
DA:245,0
DA:249,0
DA:253,0
DA:254,0
DA:255,0
DA:256,0
DA:258,0
DA:265,0
DA:266,0
DA:270,0
DA:271,0
DA:272,0
DA:273,0
DA:276,0
DA:277,0
DA:278,0
DA:282,0
DA:286,0
DA:287,0
DA:288,0
DA:289,0
DA:291,0
DA:298,0
DA:299,0
DA:303,0
DA:304,0
DA:305,0
DA:306,0
DA:309,0
DA:316,0
DA:318,0
DA:327,0
DA:329,0
DA:331,0
DA:355,0
DA:364,0
DA:366,0
DA:374,0
DA:375,0
DA:376,0
DA:378,0
DA:379,0
DA:383,0
DA:389,0
DA:390,0
DA:391,0
DA:400,0
DA:401,0
DA:404,0
DA:405,0
DA:408,0
DA:414,0
DA:415,0
DA:416,0
DA:417,0
DA:421,0
DA:422,0
DA:424,0
DA:425,0
DA:427,0
DA:428,0
DA:432,0
DA:433,0
DA:435,0
DA:436,0
DA:440,0
DA:441,0
DA:446,0
DA:447,0
DA:449,0
DA:450,0
DA:452,0
DA:453,0
DA:455,0
DA:456,0
DA:457,0
DA:462,0
DA:463,0
DA:464,0
DA:466,0
DA:472,0
DA:473,0
DA:474,0
DA:475,0
DA:481,0
DA:482,0
DA:484,0
DA:485,0
DA:489,0
DA:490,0
DA:495,0
DA:496,0
DA:497,0
DA:502,0
DA:503,0
DA:504,0
DA:506,0
DA:508,0
DA:509,0
DA:511,0
DA:514,0
DA:517,0
DA:518,0
DA:523,0
DA:524,0
DA:529,0
DA:530,0
DA:532,0
DA:533,0
DA:535,0
DA:536,0
DA:538,0
DA:539,0
DA:542,0
DA:543,0
DA:549,0
DA:555,0
DA:556,0
DA:557,0
DA:558,0
DA:564,0
DA:565,0
DA:570,0
DA:571,0
DA:577,0
DA:589,0
LF:192
LH:0
BRDA:44,0,0,0
BRDA:44,1,0,0
BRDA:44,1,1,0
BRDA:46,2,0,0
BRDA:46,2,1,0
BRDA:49,3,0,0
BRDA:49,4,0,0
BRDA:49,4,1,0
BRDA:53,5,0,0
BRDA:53,5,1,0
BRDA:53,6,0,0
BRDA:53,6,1,0
BRDA:55,7,0,0
BRDA:56,8,0,0
BRDA:56,8,1,0
BRDA:62,9,0,0
BRDA:67,10,0,0
BRDA:69,11,0,0
BRDA:69,12,0,0
BRDA:69,12,1,0
BRDA:95,13,0,0
BRDA:97,14,0,0
BRDA:106,15,0,0
BRDA:110,16,0,0
BRDA:119,17,0,0
BRDA:123,18,0,0
BRDA:132,19,0,0
BRDA:136,20,0,0
BRDA:145,21,0,0
BRDA:149,22,0,0
BRDA:192,23,0,0
BRDA:192,24,0,0
BRDA:192,24,1,0
BRDA:196,25,0,0
BRDA:196,25,1,0
BRDA:199,26,0,0
BRDA:199,26,1,0
BRDA:202,27,0,0
BRDA:217,28,0,0
BRDA:220,29,0,0
BRDA:220,29,1,0
BRDA:223,30,0,0
BRDA:223,30,1,0
BRDA:226,31,0,0
BRDA:231,32,0,0
BRDA:237,33,0,0
BRDA:238,34,0,0
BRDA:239,35,0,0
BRDA:243,36,0,0
BRDA:243,36,1,0
BRDA:245,37,0,0
BRDA:246,38,0,0
BRDA:246,38,1,0
BRDA:253,39,0,0
BRDA:255,40,0,0
BRDA:265,41,0,0
BRDA:270,42,0,0
BRDA:271,43,0,0
BRDA:272,44,0,0
BRDA:276,45,0,0
BRDA:276,45,1,0
BRDA:278,46,0,0
BRDA:279,47,0,0
BRDA:279,47,1,0
BRDA:286,48,0,0
BRDA:288,49,0,0
BRDA:298,50,0,0
BRDA:303,51,0,0
BRDA:303,51,1,0
BRDA:305,52,0,0
BRDA:327,53,0,0
BRDA:355,54,0,0
BRDA:355,54,1,0
BRDA:364,55,0,0
BRDA:368,56,0,0
BRDA:368,56,1,0
BRDA:374,57,0,0
BRDA:374,58,0,0
BRDA:374,58,1,0
BRDA:378,59,0,0
BRDA:389,60,0,0
BRDA:390,61,0,0
BRDA:390,61,1,0
BRDA:393,62,0,0
BRDA:393,62,1,0
BRDA:394,63,0,0
BRDA:394,63,1,0
BRDA:395,64,0,0
BRDA:395,64,1,0
BRDA:397,65,0,0
BRDA:397,65,1,0
BRDA:400,66,0,0
BRDA:404,67,0,0
BRDA:414,68,0,0
BRDA:416,69,0,0
BRDA:421,70,0,0
BRDA:424,71,0,0
BRDA:427,72,0,0
BRDA:432,73,0,0
BRDA:435,74,0,0
BRDA:440,75,0,0
BRDA:440,75,1,0
BRDA:442,76,0,0
BRDA:442,76,1,0
BRDA:443,77,0,0
BRDA:443,77,1,0
BRDA:444,78,0,0
BRDA:444,78,1,0
BRDA:446,79,0,0
BRDA:446,80,0,0
BRDA:446,80,1,0
BRDA:449,81,0,0
BRDA:452,82,0,0
BRDA:455,83,0,0
BRDA:455,83,1,0
BRDA:458,84,0,0
BRDA:458,84,1,0
BRDA:459,85,0,0
BRDA:459,85,1,0
BRDA:460,86,0,0
BRDA:460,86,1,0
BRDA:462,87,0,0
BRDA:462,88,0,0
BRDA:462,88,1,0
BRDA:472,89,0,0
BRDA:474,90,0,0
BRDA:476,91,0,0
BRDA:476,91,1,0
BRDA:477,92,0,0
BRDA:477,92,1,0
BRDA:478,93,0,0
BRDA:478,93,1,0
BRDA:481,94,0,0
BRDA:484,95,0,0
BRDA:489,96,0,0
BRDA:495,97,0,0
BRDA:495,97,1,0
BRDA:497,98,0,0
BRDA:497,98,1,0
BRDA:498,99,0,0
BRDA:498,99,1,0
BRDA:498,99,2,0
BRDA:503,100,0,0
BRDA:503,100,1,0
BRDA:503,101,0,0
BRDA:503,101,1,0
BRDA:508,102,0,0
BRDA:508,102,1,0
BRDA:517,103,0,0
BRDA:517,103,1,0
BRDA:519,104,0,0
BRDA:519,104,1,0
BRDA:520,105,0,0
BRDA:520,105,1,0
BRDA:521,106,0,0
BRDA:521,106,1,0
BRDA:524,107,0,0
BRDA:524,107,1,0
BRDA:525,108,0,0
BRDA:525,108,1,0
BRDA:525,108,2,0
BRDA:535,109,0,0
BRDA:538,110,0,0
BRDA:542,111,0,0
BRDA:544,112,0,0
BRDA:544,112,1,0
BRDA:545,113,0,0
BRDA:545,113,1,0
BRDA:546,114,0,0
BRDA:546,114,1,0
BRDA:555,115,0,0
BRDA:557,116,0,0
BRDA:559,117,0,0
BRDA:559,117,1,0
BRDA:560,118,0,0
BRDA:560,118,1,0
BRDA:561,119,0,0
BRDA:561,119,1,0
BRDA:564,120,0,0
BRDA:564,120,1,0
BRDA:566,121,0,0
BRDA:566,121,1,0
BRDA:567,122,0,0
BRDA:567,122,1,0
BRDA:568,123,0,0
BRDA:568,123,1,0
BRDA:570,124,0,0
BRDA:572,125,0,0
BRDA:572,125,1,0
BRDA:573,126,0,0
BRDA:573,126,1,0
BRDA:574,127,0,0
BRDA:574,127,1,0
BRF:193
BRH:0
end_of_record
TN:
SF:src/utils/parsers/util-parser.ts
FN:34,(anonymous_0)
FN:96,(anonymous_1)
FN:187,(anonymous_2)
FN:298,(anonymous_3)
FN:339,(anonymous_4)
FN:372,(anonymous_5)
FN:399,(anonymous_6)
FN:416,(anonymous_7)
FN:433,(anonymous_8)
FN:447,(anonymous_9)
FN:458,(anonymous_10)
FN:468,(anonymous_11)
FNF:12
FNH:0
FNDA:0,(anonymous_0)
FNDA:0,(anonymous_1)
FNDA:0,(anonymous_2)
FNDA:0,(anonymous_3)
FNDA:0,(anonymous_4)
FNDA:0,(anonymous_5)
FNDA:0,(anonymous_6)
FNDA:0,(anonymous_7)
FNDA:0,(anonymous_8)
FNDA:0,(anonymous_9)
FNDA:0,(anonymous_10)
FNDA:0,(anonymous_11)
DA:49,0
DA:50,0
DA:51,0
DA:52,0
DA:53,0
DA:55,0
DA:56,0
DA:57,0
DA:59,0
DA:60,0
DA:61,0
DA:65,0
DA:68,0
DA:69,0
DA:73,0
DA:74,0
DA:75,0
DA:76,0
DA:83,0
DA:85,0
DA:101,0
DA:102,0
DA:103,0
DA:104,0
DA:112,0
DA:113,0
DA:114,0
DA:115,0
DA:123,0
DA:124,0
DA:125,0
DA:126,0
DA:134,0
DA:135,0
DA:138,0
DA:139,0
DA:147,0
DA:148,0
DA:149,0
DA:150,0
DA:158,0
DA:159,0
DA:160,0
DA:161,0
DA:169,0
DA:170,0
DA:171,0
DA:172,0
DA:180,0
DA:192,0
DA:193,0
DA:214,0
DA:215,0
DA:216,0
DA:217,0
DA:220,0
DA:227,0
DA:228,0
DA:230,0
DA:231,0
DA:233,0
DA:234,0
DA:236,0
DA:237,0
DA:239,0
DA:240,0
DA:242,0
DA:243,0
DA:246,0
DA:253,0
DA:254,0
DA:256,0
DA:257,0
DA:258,0
DA:259,0
DA:262,0
DA:263,0
DA:266,0
DA:273,0
DA:274,0
DA:276,0
DA:277,0
DA:278,0
DA:279,0
DA:282,0
DA:289,0
DA:291,0
DA:301,0
DA:303,0
DA:305,0
DA:306,0
DA:311,0
DA:312,0
DA:319,0
DA:320,0
DA:323,0
DA:324,0
DA:330,0
DA:333,0
DA:342,0
DA:344,0
DA:346,0
DA:347,0
DA:352,0
DA:353,0
DA:360,0
DA:361,0
DA:366,0
DA:375,0
DA:377,0
DA:379,0
DA:380,0
DA:385,0
DA:386,0
DA:393,0
DA:402,0
DA:404,0
DA:406,0
DA:407,0
DA:410,0
DA:419,0
DA:421,0
DA:423,0
DA:424,0
DA:427,0
DA:436,0
DA:438,0
DA:440,0
DA:441,0
DA:444,0
DA:450,0
DA:451,0
DA:452,0
DA:453,0
DA:455,0
DA:461,0
DA:473,0
LF:137
LH:0
BRDA:50,0,0,0
BRDA:50,1,0,0
BRDA:50,1,1,0
BRDA:52,2,0,0
BRDA:52,2,1,0
BRDA:55,3,0,0
BRDA:55,4,0,0
BRDA:55,4,1,0
BRDA:59,5,0,0
BRDA:59,5,1,0
BRDA:59,6,0,0
BRDA:59,6,1,0
BRDA:61,7,0,0
BRDA:62,8,0,0
BRDA:62,8,1,0
BRDA:68,9,0,0
BRDA:73,10,0,0
BRDA:75,11,0,0
BRDA:75,12,0,0
BRDA:75,12,1,0
BRDA:101,13,0,0
BRDA:103,14,0,0
BRDA:112,15,0,0
BRDA:114,16,0,0
BRDA:123,17,0,0
BRDA:125,18,0,0
BRDA:134,19,0,0
BRDA:138,20,0,0
BRDA:147,21,0,0
BRDA:149,22,0,0
BRDA:158,23,0,0
BRDA:160,24,0,0
BRDA:169,25,0,0
BRDA:171,26,0,0
BRDA:214,27,0,0
BRDA:216,28,0,0
BRDA:216,29,0,0
BRDA:216,29,1,0
BRDA:227,30,0,0
BRDA:230,31,0,0
BRDA:233,32,0,0
BRDA:236,33,0,0
BRDA:239,34,0,0
BRDA:242,35,0,0
BRDA:253,36,0,0
BRDA:256,37,0,0
BRDA:256,37,1,0
BRDA:258,38,0,0
BRDA:262,39,0,0
BRDA:273,40,0,0
BRDA:276,41,0,0
BRDA:276,41,1,0
BRDA:278,42,0,0
BRDA:301,43,0,0
BRDA:305,44,0,0
BRDA:308,45,0,0
BRDA:308,45,1,0
BRDA:311,46,0,0
BRDA:313,47,0,0
BRDA:313,47,1,0
BRDA:314,48,0,0
BRDA:314,48,1,0
BRDA:315,49,0,0
BRDA:315,49,1,0
BRDA:319,50,0,0
BRDA:319,51,0,0
BRDA:319,51,1,0
BRDA:323,52,0,0
BRDA:330,53,0,0
BRDA:330,53,1,0
BRDA:342,54,0,0
BRDA:346,55,0,0
BRDA:346,55,1,0
BRDA:348,56,0,0
BRDA:348,56,1,0
BRDA:349,57,0,0
BRDA:349,57,1,0
BRDA:350,58,0,0
BRDA:350,58,1,0
BRDA:352,59,0,0
BRDA:354,60,0,0
BRDA:354,60,1,0
BRDA:355,61,0,0
BRDA:355,61,1,0
BRDA:356,62,0,0
BRDA:356,62,1,0
BRDA:360,63,0,0
BRDA:375,64,0,0
BRDA:379,65,0,0
BRDA:379,65,1,0
BRDA:381,66,0,0
BRDA:381,66,1,0
BRDA:382,67,0,0
BRDA:382,67,1,0
BRDA:383,68,0,0
BRDA:383,68,1,0
BRDA:385,69,0,0
BRDA:387,70,0,0
BRDA:387,70,1,0
BRDA:388,71,0,0
BRDA:388,71,1,0
BRDA:389,72,0,0
BRDA:389,72,1,0
BRDA:402,73,0,0
BRDA:406,74,0,0
BRDA:419,75,0,0
BRDA:423,76,0,0
BRDA:436,77,0,0
BRDA:440,78,0,0
BRDA:450,79,0,0
BRDA:452,80,0,0
BRDA:452,81,0,0
BRDA:452,81,1,0
BRF:113
BRH:0
end_of_record
